mode: set
github.com/alimikegami/compnouron/internal/recruitment/usecase/recruitment_use_case.go:31.124,33.2 1 0
github.com/alimikegami/compnouron/internal/recruitment/usecase/recruitment_use_case.go:35.103,44.2 3 0
github.com/alimikegami/compnouron/internal/recruitment/usecase/recruitment_use_case.go:46.112,56.2 3 0
github.com/alimikegami/compnouron/internal/recruitment/usecase/recruitment_use_case.go:58.149,68.2 3 0
github.com/alimikegami/compnouron/internal/recruitment/usecase/recruitment_use_case.go:70.115,73.16 3 0
github.com/alimikegami/compnouron/internal/recruitment/usecase/recruitment_use_case.go:77.2,77.49 1 0
github.com/alimikegami/compnouron/internal/recruitment/usecase/recruitment_use_case.go:85.2,85.38 1 0
github.com/alimikegami/compnouron/internal/recruitment/usecase/recruitment_use_case.go:73.16,75.3 1 0
github.com/alimikegami/compnouron/internal/recruitment/usecase/recruitment_use_case.go:77.49,83.3 1 0
github.com/alimikegami/compnouron/internal/recruitment/usecase/recruitment_use_case.go:88.111,91.16 3 0
github.com/alimikegami/compnouron/internal/recruitment/usecase/recruitment_use_case.go:95.2,96.16 2 0
github.com/alimikegami/compnouron/internal/recruitment/usecase/recruitment_use_case.go:100.2,108.65 2 0
github.com/alimikegami/compnouron/internal/recruitment/usecase/recruitment_use_case.go:118.2,121.8 1 0
github.com/alimikegami/compnouron/internal/recruitment/usecase/recruitment_use_case.go:91.16,93.3 1 0
github.com/alimikegami/compnouron/internal/recruitment/usecase/recruitment_use_case.go:96.16,98.3 1 0
github.com/alimikegami/compnouron/internal/recruitment/usecase/recruitment_use_case.go:108.65,116.3 1 0
github.com/alimikegami/compnouron/internal/recruitment/usecase/recruitment_use_case.go:124.102,127.37 3 0
github.com/alimikegami/compnouron/internal/recruitment/usecase/recruitment_use_case.go:137.2,137.26 1 0
github.com/alimikegami/compnouron/internal/recruitment/usecase/recruitment_use_case.go:127.37,135.3 1 0
github.com/alimikegami/compnouron/internal/recruitment/usecase/recruitment_use_case.go:140.80,144.2 2 0
github.com/alimikegami/compnouron/internal/recruitment/usecase/recruitment_use_case.go:146.80,148.16 2 0
github.com/alimikegami/compnouron/internal/recruitment/usecase/recruitment_use_case.go:152.2,153.16 2 0
github.com/alimikegami/compnouron/internal/recruitment/usecase/recruitment_use_case.go:156.2,157.16 2 0
github.com/alimikegami/compnouron/internal/recruitment/usecase/recruitment_use_case.go:160.2,160.12 1 0
github.com/alimikegami/compnouron/internal/recruitment/usecase/recruitment_use_case.go:148.16,150.3 1 0
github.com/alimikegami/compnouron/internal/recruitment/usecase/recruitment_use_case.go:153.16,155.3 1 0
github.com/alimikegami/compnouron/internal/recruitment/usecase/recruitment_use_case.go:157.16,159.3 1 0
github.com/alimikegami/compnouron/internal/recruitment/usecase/recruitment_use_case.go:163.133,166.16 3 0
github.com/alimikegami/compnouron/internal/recruitment/usecase/recruitment_use_case.go:170.2,170.43 1 0
github.com/alimikegami/compnouron/internal/recruitment/usecase/recruitment_use_case.go:178.2,178.34 1 0
github.com/alimikegami/compnouron/internal/recruitment/usecase/recruitment_use_case.go:166.16,168.3 1 0
github.com/alimikegami/compnouron/internal/recruitment/usecase/recruitment_use_case.go:170.43,176.3 1 0
github.com/alimikegami/compnouron/internal/recruitment/usecase/recruitment_use_case.go:181.97,183.16 2 0
github.com/alimikegami/compnouron/internal/recruitment/usecase/recruitment_use_case.go:187.2,195.33 2 0
github.com/alimikegami/compnouron/internal/recruitment/usecase/recruitment_use_case.go:183.16,185.3 1 0
github.com/alimikegami/compnouron/internal/recruitment/usecase/recruitment_use_case.go:198.73,202.2 2 0
github.com/alimikegami/compnouron/internal/recruitment/usecase/recruitment_use_case.go:204.84,208.2 2 0
github.com/alimikegami/compnouron/internal/recruitment/usecase/recruitment_use_case.go:210.85,214.2 2 0
github.com/alimikegami/compnouron/internal/team/usecase/team_use_case.go:21.69,23.2 1 1
github.com/alimikegami/compnouron/internal/team/usecase/team_use_case.go:25.81,33.16 3 1
github.com/alimikegami/compnouron/internal/team/usecase/team_use_case.go:37.2,39.12 2 1
github.com/alimikegami/compnouron/internal/team/usecase/team_use_case.go:33.16,35.3 1 0
github.com/alimikegami/compnouron/internal/team/usecase/team_use_case.go:42.55,46.2 2 1
github.com/alimikegami/compnouron/internal/team/usecase/team_use_case.go:48.94,58.2 3 1
github.com/alimikegami/compnouron/internal/team/usecase/team_use_case.go:60.92,63.16 3 1
github.com/alimikegami/compnouron/internal/team/usecase/team_use_case.go:67.2,67.38 1 1
github.com/alimikegami/compnouron/internal/team/usecase/team_use_case.go:74.2,74.27 1 1
github.com/alimikegami/compnouron/internal/team/usecase/team_use_case.go:63.16,65.3 1 0
github.com/alimikegami/compnouron/internal/team/usecase/team_use_case.go:67.38,72.3 1 1
github.com/alimikegami/compnouron/internal/team/usecase/team_use_case.go:77.94,80.16 2 1
github.com/alimikegami/compnouron/internal/team/usecase/team_use_case.go:84.2,91.16 3 1
github.com/alimikegami/compnouron/internal/team/usecase/team_use_case.go:94.2,94.33 1 1
github.com/alimikegami/compnouron/internal/team/usecase/team_use_case.go:102.2,102.25 1 1
github.com/alimikegami/compnouron/internal/team/usecase/team_use_case.go:80.16,82.3 1 1
github.com/alimikegami/compnouron/internal/team/usecase/team_use_case.go:91.16,93.3 1 0
github.com/alimikegami/compnouron/internal/team/usecase/team_use_case.go:94.33,100.3 1 1
github.com/alimikegami/compnouron/internal/team/controller/team_controller.go:21.76,23.2 2 0
github.com/alimikegami/compnouron/internal/team/controller/team_controller.go:23.2,29.3 5 0
github.com/alimikegami/compnouron/internal/team/controller/team_controller.go:43.60,46.16 3 1
github.com/alimikegami/compnouron/internal/team/controller/team_controller.go:54.2,56.37 3 1
github.com/alimikegami/compnouron/internal/team/controller/team_controller.go:65.2,66.16 2 1
github.com/alimikegami/compnouron/internal/team/controller/team_controller.go:75.2,79.4 1 1
github.com/alimikegami/compnouron/internal/team/controller/team_controller.go:46.16,53.3 2 0
github.com/alimikegami/compnouron/internal/team/controller/team_controller.go:56.37,63.3 2 0
github.com/alimikegami/compnouron/internal/team/controller/team_controller.go:66.16,73.3 2 1
github.com/alimikegami/compnouron/internal/team/controller/team_controller.go:92.60,95.37 3 1
github.com/alimikegami/compnouron/internal/team/controller/team_controller.go:104.2,105.16 2 1
github.com/alimikegami/compnouron/internal/team/controller/team_controller.go:114.2,118.4 1 1
github.com/alimikegami/compnouron/internal/team/controller/team_controller.go:95.37,102.3 2 0
github.com/alimikegami/compnouron/internal/team/controller/team_controller.go:105.16,112.3 2 0
github.com/alimikegami/compnouron/internal/team/controller/team_controller.go:131.60,135.16 3 1
github.com/alimikegami/compnouron/internal/team/controller/team_controller.go:144.2,146.16 2 1
github.com/alimikegami/compnouron/internal/team/controller/team_controller.go:155.2,159.4 1 1
github.com/alimikegami/compnouron/internal/team/controller/team_controller.go:135.16,142.3 2 0
github.com/alimikegami/compnouron/internal/team/controller/team_controller.go:146.16,153.3 2 1
github.com/alimikegami/compnouron/internal/team/controller/team_controller.go:172.66,175.16 3 1
github.com/alimikegami/compnouron/internal/team/controller/team_controller.go:183.2,184.16 2 1
github.com/alimikegami/compnouron/internal/team/controller/team_controller.go:192.2,196.4 1 1
github.com/alimikegami/compnouron/internal/team/controller/team_controller.go:175.16,181.3 1 0
github.com/alimikegami/compnouron/internal/team/controller/team_controller.go:184.16,190.3 1 0
github.com/alimikegami/compnouron/internal/team/controller/team_controller.go:209.68,212.16 3 1
github.com/alimikegami/compnouron/internal/team/controller/team_controller.go:220.2,221.16 2 1
github.com/alimikegami/compnouron/internal/team/controller/team_controller.go:229.2,233.4 1 1
github.com/alimikegami/compnouron/internal/team/controller/team_controller.go:212.16,218.3 1 0
github.com/alimikegami/compnouron/internal/team/controller/team_controller.go:221.16,227.3 1 1
github.com/alimikegami/compnouron/internal/team/controller/team_controller.go:236.88,238.2 1 0
github.com/alimikegami/compnouron/internal/user/controller/user_controller.go:19.76,22.2 2 0
github.com/alimikegami/compnouron/internal/user/controller/user_controller.go:34.60,36.34 2 1
github.com/alimikegami/compnouron/internal/user/controller/user_controller.go:44.2,45.16 2 1
github.com/alimikegami/compnouron/internal/user/controller/user_controller.go:53.2,57.4 1 1
github.com/alimikegami/compnouron/internal/user/controller/user_controller.go:36.34,43.3 2 0
github.com/alimikegami/compnouron/internal/user/controller/user_controller.go:45.16,52.3 2 1
github.com/alimikegami/compnouron/internal/user/controller/user_controller.go:70.55,72.43 2 1
github.com/alimikegami/compnouron/internal/user/controller/user_controller.go:80.2,81.16 2 1
github.com/alimikegami/compnouron/internal/user/controller/user_controller.go:95.2,102.4 1 1
github.com/alimikegami/compnouron/internal/user/controller/user_controller.go:72.43,79.3 2 0
github.com/alimikegami/compnouron/internal/user/controller/user_controller.go:81.16,84.46 3 1
github.com/alimikegami/compnouron/internal/user/controller/user_controller.go:89.3,93.5 1 1
github.com/alimikegami/compnouron/internal/user/controller/user_controller.go:84.46,86.4 1 1
github.com/alimikegami/compnouron/internal/user/controller/user_controller.go:86.9,88.4 1 0
github.com/alimikegami/compnouron/internal/user/controller/user_controller.go:105.88,107.2 1 0
github.com/alimikegami/compnouron/internal/recruitment/controller/recruitment_controller.go:21.90,23.2 2 0
github.com/alimikegami/compnouron/internal/recruitment/controller/recruitment_controller.go:23.2,35.3 11 0
github.com/alimikegami/compnouron/internal/recruitment/controller/recruitment_controller.go:48.74,50.44 2 0
github.com/alimikegami/compnouron/internal/recruitment/controller/recruitment_controller.go:58.2,59.16 2 0
github.com/alimikegami/compnouron/internal/recruitment/controller/recruitment_controller.go:67.2,71.4 1 0
github.com/alimikegami/compnouron/internal/recruitment/controller/recruitment_controller.go:50.44,57.3 2 0
github.com/alimikegami/compnouron/internal/recruitment/controller/recruitment_controller.go:59.16,65.3 1 0
github.com/alimikegami/compnouron/internal/recruitment/controller/recruitment_controller.go:85.74,88.16 3 0
github.com/alimikegami/compnouron/internal/recruitment/controller/recruitment_controller.go:95.2,96.44 2 0
github.com/alimikegami/compnouron/internal/recruitment/controller/recruitment_controller.go:105.2,106.16 2 0
github.com/alimikegami/compnouron/internal/recruitment/controller/recruitment_controller.go:114.2,118.4 1 0
github.com/alimikegami/compnouron/internal/recruitment/controller/recruitment_controller.go:88.16,94.3 1 0
github.com/alimikegami/compnouron/internal/recruitment/controller/recruitment_controller.go:96.44,103.3 2 0
github.com/alimikegami/compnouron/internal/recruitment/controller/recruitment_controller.go:106.16,112.3 1 0
github.com/alimikegami/compnouron/internal/recruitment/controller/recruitment_controller.go:131.85,134.55 3 1
github.com/alimikegami/compnouron/internal/recruitment/controller/recruitment_controller.go:143.2,144.16 2 1
github.com/alimikegami/compnouron/internal/recruitment/controller/recruitment_controller.go:152.2,156.4 1 1
github.com/alimikegami/compnouron/internal/recruitment/controller/recruitment_controller.go:134.55,141.3 2 0
github.com/alimikegami/compnouron/internal/recruitment/controller/recruitment_controller.go:144.16,150.3 1 1
github.com/alimikegami/compnouron/internal/recruitment/controller/recruitment_controller.go:171.72,176.16 5 0
github.com/alimikegami/compnouron/internal/recruitment/controller/recruitment_controller.go:185.2,186.16 2 0
github.com/alimikegami/compnouron/internal/recruitment/controller/recruitment_controller.go:195.2,197.19 2 0
github.com/alimikegami/compnouron/internal/recruitment/controller/recruitment_controller.go:203.2,203.16 1 0
github.com/alimikegami/compnouron/internal/recruitment/controller/recruitment_controller.go:211.2,215.4 1 0
github.com/alimikegami/compnouron/internal/recruitment/controller/recruitment_controller.go:176.16,183.3 2 0
github.com/alimikegami/compnouron/internal/recruitment/controller/recruitment_controller.go:186.16,193.3 2 0
github.com/alimikegami/compnouron/internal/recruitment/controller/recruitment_controller.go:197.19,199.3 1 0
github.com/alimikegami/compnouron/internal/recruitment/controller/recruitment_controller.go:199.8,201.3 1 0
github.com/alimikegami/compnouron/internal/recruitment/controller/recruitment_controller.go:203.16,209.3 1 0
github.com/alimikegami/compnouron/internal/recruitment/controller/recruitment_controller.go:228.82,231.16 3 0
github.com/alimikegami/compnouron/internal/recruitment/controller/recruitment_controller.go:239.2,240.16 2 0
github.com/alimikegami/compnouron/internal/recruitment/controller/recruitment_controller.go:248.2,252.4 1 0
github.com/alimikegami/compnouron/internal/recruitment/controller/recruitment_controller.go:231.16,237.3 1 0
github.com/alimikegami/compnouron/internal/recruitment/controller/recruitment_controller.go:240.16,246.3 1 0
github.com/alimikegami/compnouron/internal/recruitment/controller/recruitment_controller.go:265.79,268.16 3 0
github.com/alimikegami/compnouron/internal/recruitment/controller/recruitment_controller.go:275.2,276.16 2 0
github.com/alimikegami/compnouron/internal/recruitment/controller/recruitment_controller.go:284.2,288.4 1 0
github.com/alimikegami/compnouron/internal/recruitment/controller/recruitment_controller.go:268.16,274.3 1 0
github.com/alimikegami/compnouron/internal/recruitment/controller/recruitment_controller.go:276.16,282.3 1 0
github.com/alimikegami/compnouron/internal/recruitment/controller/recruitment_controller.go:301.85,304.16 3 0
github.com/alimikegami/compnouron/internal/recruitment/controller/recruitment_controller.go:312.2,313.16 2 0
github.com/alimikegami/compnouron/internal/recruitment/controller/recruitment_controller.go:321.2,325.4 1 0
github.com/alimikegami/compnouron/internal/recruitment/controller/recruitment_controller.go:304.16,310.3 1 0
github.com/alimikegami/compnouron/internal/recruitment/controller/recruitment_controller.go:313.16,319.3 1 0
github.com/alimikegami/compnouron/internal/recruitment/controller/recruitment_controller.go:338.85,341.16 3 0
github.com/alimikegami/compnouron/internal/recruitment/controller/recruitment_controller.go:349.2,350.16 2 0
github.com/alimikegami/compnouron/internal/recruitment/controller/recruitment_controller.go:358.2,362.4 1 0
github.com/alimikegami/compnouron/internal/recruitment/controller/recruitment_controller.go:341.16,347.3 1 0
github.com/alimikegami/compnouron/internal/recruitment/controller/recruitment_controller.go:350.16,356.3 1 0
github.com/alimikegami/compnouron/internal/recruitment/controller/recruitment_controller.go:365.75,368.16 3 0
github.com/alimikegami/compnouron/internal/recruitment/controller/recruitment_controller.go:375.2,376.44 2 0
github.com/alimikegami/compnouron/internal/recruitment/controller/recruitment_controller.go:385.2,386.16 2 0
github.com/alimikegami/compnouron/internal/recruitment/controller/recruitment_controller.go:394.2,398.4 1 0
github.com/alimikegami/compnouron/internal/recruitment/controller/recruitment_controller.go:368.16,374.3 1 0
github.com/alimikegami/compnouron/internal/recruitment/controller/recruitment_controller.go:376.44,383.3 2 0
github.com/alimikegami/compnouron/internal/recruitment/controller/recruitment_controller.go:386.16,392.3 1 0
github.com/alimikegami/compnouron/internal/recruitment/controller/recruitment_controller.go:411.78,414.16 3 0
github.com/alimikegami/compnouron/internal/recruitment/controller/recruitment_controller.go:422.2,423.16 2 0
github.com/alimikegami/compnouron/internal/recruitment/controller/recruitment_controller.go:431.2,435.4 1 0
github.com/alimikegami/compnouron/internal/recruitment/controller/recruitment_controller.go:414.16,420.3 1 0
github.com/alimikegami/compnouron/internal/recruitment/controller/recruitment_controller.go:423.16,429.3 1 0
github.com/alimikegami/compnouron/internal/recruitment/controller/recruitment_controller.go:448.89,451.16 3 0
github.com/alimikegami/compnouron/internal/recruitment/controller/recruitment_controller.go:459.2,460.16 2 0
github.com/alimikegami/compnouron/internal/recruitment/controller/recruitment_controller.go:468.2,472.4 1 0
github.com/alimikegami/compnouron/internal/recruitment/controller/recruitment_controller.go:451.16,457.3 1 0
github.com/alimikegami/compnouron/internal/recruitment/controller/recruitment_controller.go:460.16,466.3 1 0
github.com/alimikegami/compnouron/internal/recruitment/controller/recruitment_controller.go:485.90,488.16 3 0
github.com/alimikegami/compnouron/internal/recruitment/controller/recruitment_controller.go:496.2,497.16 2 0
github.com/alimikegami/compnouron/internal/recruitment/controller/recruitment_controller.go:505.2,509.4 1 0
github.com/alimikegami/compnouron/internal/recruitment/controller/recruitment_controller.go:488.16,494.3 1 0
github.com/alimikegami/compnouron/internal/recruitment/controller/recruitment_controller.go:497.16,503.3 1 0
github.com/alimikegami/compnouron/internal/recruitment/controller/recruitment_controller.go:512.116,514.2 1 0
github.com/alimikegami/compnouron/internal/user/usecase/user_usecase.go:22.69,24.2 1 1
github.com/alimikegami/compnouron/internal/user/usecase/user_usecase.go:26.80,30.16 3 0
github.com/alimikegami/compnouron/internal/user/usecase/user_usecase.go:33.2,43.16 4 0
github.com/alimikegami/compnouron/internal/user/usecase/user_usecase.go:47.2,47.36 1 0
github.com/alimikegami/compnouron/internal/user/usecase/user_usecase.go:54.2,55.12 2 0
github.com/alimikegami/compnouron/internal/user/usecase/user_usecase.go:30.16,32.3 1 0
github.com/alimikegami/compnouron/internal/user/usecase/user_usecase.go:43.16,45.3 1 0
github.com/alimikegami/compnouron/internal/user/usecase/user_usecase.go:47.36,52.3 1 0
github.com/alimikegami/compnouron/internal/user/usecase/user_usecase.go:58.78,60.17 2 1
github.com/alimikegami/compnouron/internal/user/usecase/user_usecase.go:63.2,64.16 2 1
github.com/alimikegami/compnouron/internal/user/usecase/user_usecase.go:67.2,68.16 2 1
github.com/alimikegami/compnouron/internal/user/usecase/user_usecase.go:73.2,73.19 1 1
github.com/alimikegami/compnouron/internal/user/usecase/user_usecase.go:60.17,62.3 1 1
github.com/alimikegami/compnouron/internal/user/usecase/user_usecase.go:64.16,66.3 1 0
github.com/alimikegami/compnouron/internal/user/usecase/user_usecase.go:68.16,71.3 2 0
github.com/alimikegami/compnouron/internal/recruitment/repository/recruitment_repository.go:35.72,37.2 1 1
github.com/alimikegami/compnouron/internal/recruitment/repository/recruitment_repository.go:39.94,42.25 2 1
github.com/alimikegami/compnouron/internal/recruitment/repository/recruitment_repository.go:46.2,46.21 1 1
github.com/alimikegami/compnouron/internal/recruitment/repository/recruitment_repository.go:42.25,44.3 1 0
github.com/alimikegami/compnouron/internal/recruitment/repository/recruitment_repository.go:49.107,53.25 3 0
github.com/alimikegami/compnouron/internal/recruitment/repository/recruitment_repository.go:57.2,57.26 1 0
github.com/alimikegami/compnouron/internal/recruitment/repository/recruitment_repository.go:53.25,55.3 1 0
github.com/alimikegami/compnouron/internal/recruitment/repository/recruitment_repository.go:60.94,63.25 2 0
github.com/alimikegami/compnouron/internal/recruitment/repository/recruitment_repository.go:67.2,67.12 1 0
github.com/alimikegami/compnouron/internal/recruitment/repository/recruitment_repository.go:63.25,65.3 1 0
github.com/alimikegami/compnouron/internal/recruitment/repository/recruitment_repository.go:70.127,73.25 2 1
github.com/alimikegami/compnouron/internal/recruitment/repository/recruitment_repository.go:77.2,77.12 1 1
github.com/alimikegami/compnouron/internal/recruitment/repository/recruitment_repository.go:73.25,75.3 1 0
github.com/alimikegami/compnouron/internal/recruitment/repository/recruitment_repository.go:80.94,83.25 3 0
github.com/alimikegami/compnouron/internal/recruitment/repository/recruitment_repository.go:87.2,87.25 1 0
github.com/alimikegami/compnouron/internal/recruitment/repository/recruitment_repository.go:83.25,85.3 1 0
github.com/alimikegami/compnouron/internal/recruitment/repository/recruitment_repository.go:90.129,93.25 3 0
github.com/alimikegami/compnouron/internal/recruitment/repository/recruitment_repository.go:97.2,97.37 1 0
github.com/alimikegami/compnouron/internal/recruitment/repository/recruitment_repository.go:93.25,95.3 1 0
github.com/alimikegami/compnouron/internal/recruitment/repository/recruitment_repository.go:100.100,104.25 4 0
github.com/alimikegami/compnouron/internal/recruitment/repository/recruitment_repository.go:108.2,108.26 1 0
github.com/alimikegami/compnouron/internal/recruitment/repository/recruitment_repository.go:104.25,106.3 1 0
github.com/alimikegami/compnouron/internal/recruitment/repository/recruitment_repository.go:111.111,116.25 3 0
github.com/alimikegami/compnouron/internal/recruitment/repository/recruitment_repository.go:120.2,120.26 1 0
github.com/alimikegami/compnouron/internal/recruitment/repository/recruitment_repository.go:116.25,118.3 1 0
github.com/alimikegami/compnouron/internal/recruitment/repository/recruitment_repository.go:123.82,125.25 2 1
github.com/alimikegami/compnouron/internal/recruitment/repository/recruitment_repository.go:129.2,129.30 1 1
github.com/alimikegami/compnouron/internal/recruitment/repository/recruitment_repository.go:133.2,133.12 1 1
github.com/alimikegami/compnouron/internal/recruitment/repository/recruitment_repository.go:125.25,127.3 1 0
github.com/alimikegami/compnouron/internal/recruitment/repository/recruitment_repository.go:129.30,131.3 1 0
github.com/alimikegami/compnouron/internal/recruitment/repository/recruitment_repository.go:136.82,138.25 2 1
github.com/alimikegami/compnouron/internal/recruitment/repository/recruitment_repository.go:142.2,142.30 1 1
github.com/alimikegami/compnouron/internal/recruitment/repository/recruitment_repository.go:146.2,146.12 1 1
github.com/alimikegami/compnouron/internal/recruitment/repository/recruitment_repository.go:138.25,140.3 1 0
github.com/alimikegami/compnouron/internal/recruitment/repository/recruitment_repository.go:142.30,144.3 1 0
github.com/alimikegami/compnouron/internal/recruitment/repository/recruitment_repository.go:149.116,153.25 4 0
github.com/alimikegami/compnouron/internal/recruitment/repository/recruitment_repository.go:157.2,157.36 1 0
github.com/alimikegami/compnouron/internal/recruitment/repository/recruitment_repository.go:153.25,155.3 1 0
github.com/alimikegami/compnouron/internal/recruitment/repository/recruitment_repository.go:160.75,162.25 2 1
github.com/alimikegami/compnouron/internal/recruitment/repository/recruitment_repository.go:166.2,166.29 1 1
github.com/alimikegami/compnouron/internal/recruitment/repository/recruitment_repository.go:170.2,170.12 1 1
github.com/alimikegami/compnouron/internal/recruitment/repository/recruitment_repository.go:162.25,164.3 1 0
github.com/alimikegami/compnouron/internal/recruitment/repository/recruitment_repository.go:166.29,168.3 1 0
github.com/alimikegami/compnouron/internal/recruitment/repository/recruitment_repository.go:173.86,175.25 2 1
github.com/alimikegami/compnouron/internal/recruitment/repository/recruitment_repository.go:179.2,179.30 1 1
github.com/alimikegami/compnouron/internal/recruitment/repository/recruitment_repository.go:183.2,183.12 1 1
github.com/alimikegami/compnouron/internal/recruitment/repository/recruitment_repository.go:175.25,177.3 1 0
github.com/alimikegami/compnouron/internal/recruitment/repository/recruitment_repository.go:179.30,181.3 1 0
github.com/alimikegami/compnouron/internal/recruitment/repository/recruitment_repository.go:186.87,188.25 2 1
github.com/alimikegami/compnouron/internal/recruitment/repository/recruitment_repository.go:192.2,192.30 1 1
github.com/alimikegami/compnouron/internal/recruitment/repository/recruitment_repository.go:196.2,196.12 1 1
github.com/alimikegami/compnouron/internal/recruitment/repository/recruitment_repository.go:188.25,190.3 1 0
github.com/alimikegami/compnouron/internal/recruitment/repository/recruitment_repository.go:192.30,194.3 1 0
github.com/alimikegami/compnouron/internal/recruitment/repository/recruitment_repository.go:199.125,202.25 3 0
github.com/alimikegami/compnouron/internal/recruitment/repository/recruitment_repository.go:206.2,206.26 1 0
github.com/alimikegami/compnouron/internal/recruitment/repository/recruitment_repository.go:202.25,204.3 1 0
github.com/alimikegami/compnouron/internal/user/repository/user_repository.go:18.74,20.25 2 1
github.com/alimikegami/compnouron/internal/user/repository/user_repository.go:24.2,24.21 1 1
github.com/alimikegami/compnouron/internal/user/repository/user_repository.go:20.25,22.3 1 1
github.com/alimikegami/compnouron/internal/user/repository/user_repository.go:27.73,29.25 2 1
github.com/alimikegami/compnouron/internal/user/repository/user_repository.go:32.2,32.12 1 1
github.com/alimikegami/compnouron/internal/user/repository/user_repository.go:29.25,31.3 1 1
github.com/alimikegami/compnouron/internal/user/repository/user_repository.go:35.73,40.2 3 1
github.com/alimikegami/compnouron/internal/user/repository/user_repository.go:42.58,44.2 1 1
github.com/alimikegami/compnouron/internal/team/repository/team_repository.go:25.58,27.2 1 1
github.com/alimikegami/compnouron/internal/team/repository/team_repository.go:29.81,31.25 2 1
github.com/alimikegami/compnouron/internal/team/repository/team_repository.go:35.2,35.18 1 1
github.com/alimikegami/compnouron/internal/team/repository/team_repository.go:31.25,33.3 1 0
github.com/alimikegami/compnouron/internal/team/repository/team_repository.go:38.92,45.25 2 1
github.com/alimikegami/compnouron/internal/team/repository/team_repository.go:49.2,49.12 1 1
github.com/alimikegami/compnouron/internal/team/repository/team_repository.go:45.25,47.3 1 0
github.com/alimikegami/compnouron/internal/team/repository/team_repository.go:52.66,54.25 2 1
github.com/alimikegami/compnouron/internal/team/repository/team_repository.go:58.2,58.29 1 1
github.com/alimikegami/compnouron/internal/team/repository/team_repository.go:62.2,62.12 1 1
github.com/alimikegami/compnouron/internal/team/repository/team_repository.go:54.25,56.3 1 1
github.com/alimikegami/compnouron/internal/team/repository/team_repository.go:58.29,60.3 1 0
github.com/alimikegami/compnouron/internal/team/repository/team_repository.go:65.57,67.25 2 1
github.com/alimikegami/compnouron/internal/team/repository/team_repository.go:71.2,71.29 1 1
github.com/alimikegami/compnouron/internal/team/repository/team_repository.go:75.2,75.12 1 1
github.com/alimikegami/compnouron/internal/team/repository/team_repository.go:67.25,69.3 1 0
github.com/alimikegami/compnouron/internal/team/repository/team_repository.go:71.29,73.3 1 1
github.com/alimikegami/compnouron/internal/team/repository/team_repository.go:78.80,82.25 3 1
github.com/alimikegami/compnouron/internal/team/repository/team_repository.go:86.2,86.19 1 1
github.com/alimikegami/compnouron/internal/team/repository/team_repository.go:82.25,84.3 1 0
github.com/alimikegami/compnouron/internal/team/repository/team_repository.go:89.77,92.25 3 1
github.com/alimikegami/compnouron/internal/team/repository/team_repository.go:96.2,96.18 1 1
github.com/alimikegami/compnouron/internal/team/repository/team_repository.go:92.25,94.3 1 1
github.com/alimikegami/compnouron/internal/team/repository/team_repository.go:99.92,103.25 3 0
github.com/alimikegami/compnouron/internal/team/repository/team_repository.go:107.2,107.25 1 0
github.com/alimikegami/compnouron/internal/team/repository/team_repository.go:103.25,105.3 1 0
