mode: set
github.com/alimikegami/compnouron/internal/recruitment/usecase/recruitment_use_case.go:33.124,35.2 1 0
github.com/alimikegami/compnouron/internal/recruitment/usecase/recruitment_use_case.go:37.116,39.16 2 0
github.com/alimikegami/compnouron/internal/recruitment/usecase/recruitment_use_case.go:43.2,43.25 1 0
github.com/alimikegami/compnouron/internal/recruitment/usecase/recruitment_use_case.go:47.2,54.12 3 0
github.com/alimikegami/compnouron/internal/recruitment/usecase/recruitment_use_case.go:39.16,41.3 1 0
github.com/alimikegami/compnouron/internal/recruitment/usecase/recruitment_use_case.go:43.25,45.3 1 0
github.com/alimikegami/compnouron/internal/recruitment/usecase/recruitment_use_case.go:57.125,59.16 2 0
github.com/alimikegami/compnouron/internal/recruitment/usecase/recruitment_use_case.go:63.2,63.25 1 0
github.com/alimikegami/compnouron/internal/recruitment/usecase/recruitment_use_case.go:67.2,75.12 3 0
github.com/alimikegami/compnouron/internal/recruitment/usecase/recruitment_use_case.go:59.16,61.3 1 0
github.com/alimikegami/compnouron/internal/recruitment/usecase/recruitment_use_case.go:63.25,65.3 1 0
github.com/alimikegami/compnouron/internal/recruitment/usecase/recruitment_use_case.go:78.149,86.16 3 0
github.com/alimikegami/compnouron/internal/recruitment/usecase/recruitment_use_case.go:89.2,89.29 1 0
github.com/alimikegami/compnouron/internal/recruitment/usecase/recruitment_use_case.go:94.2,96.12 2 0
github.com/alimikegami/compnouron/internal/recruitment/usecase/recruitment_use_case.go:86.16,88.3 1 0
github.com/alimikegami/compnouron/internal/recruitment/usecase/recruitment_use_case.go:89.29,90.95 1 0
github.com/alimikegami/compnouron/internal/recruitment/usecase/recruitment_use_case.go:90.95,92.4 1 0
github.com/alimikegami/compnouron/internal/recruitment/usecase/recruitment_use_case.go:99.115,102.16 3 0
github.com/alimikegami/compnouron/internal/recruitment/usecase/recruitment_use_case.go:106.2,106.49 1 0
github.com/alimikegami/compnouron/internal/recruitment/usecase/recruitment_use_case.go:114.2,114.38 1 0
github.com/alimikegami/compnouron/internal/recruitment/usecase/recruitment_use_case.go:102.16,104.3 1 0
github.com/alimikegami/compnouron/internal/recruitment/usecase/recruitment_use_case.go:106.49,112.3 1 0
github.com/alimikegami/compnouron/internal/recruitment/usecase/recruitment_use_case.go:117.124,119.16 2 0
github.com/alimikegami/compnouron/internal/recruitment/usecase/recruitment_use_case.go:123.2,123.25 1 0
github.com/alimikegami/compnouron/internal/recruitment/usecase/recruitment_use_case.go:127.2,129.16 3 0
github.com/alimikegami/compnouron/internal/recruitment/usecase/recruitment_use_case.go:133.2,134.16 2 0
github.com/alimikegami/compnouron/internal/recruitment/usecase/recruitment_use_case.go:138.2,146.65 2 0
github.com/alimikegami/compnouron/internal/recruitment/usecase/recruitment_use_case.go:156.2,159.8 1 0
github.com/alimikegami/compnouron/internal/recruitment/usecase/recruitment_use_case.go:119.16,121.3 1 0
github.com/alimikegami/compnouron/internal/recruitment/usecase/recruitment_use_case.go:123.25,125.3 1 0
github.com/alimikegami/compnouron/internal/recruitment/usecase/recruitment_use_case.go:129.16,131.3 1 0
github.com/alimikegami/compnouron/internal/recruitment/usecase/recruitment_use_case.go:134.16,136.3 1 0
github.com/alimikegami/compnouron/internal/recruitment/usecase/recruitment_use_case.go:146.65,154.3 1 0
github.com/alimikegami/compnouron/internal/recruitment/usecase/recruitment_use_case.go:162.102,165.37 3 0
github.com/alimikegami/compnouron/internal/recruitment/usecase/recruitment_use_case.go:175.2,175.26 1 0
github.com/alimikegami/compnouron/internal/recruitment/usecase/recruitment_use_case.go:165.37,173.3 1 0
github.com/alimikegami/compnouron/internal/recruitment/usecase/recruitment_use_case.go:178.93,180.16 2 0
github.com/alimikegami/compnouron/internal/recruitment/usecase/recruitment_use_case.go:184.2,184.25 1 0
github.com/alimikegami/compnouron/internal/recruitment/usecase/recruitment_use_case.go:187.2,189.12 2 0
github.com/alimikegami/compnouron/internal/recruitment/usecase/recruitment_use_case.go:180.16,182.3 1 0
github.com/alimikegami/compnouron/internal/recruitment/usecase/recruitment_use_case.go:184.25,186.3 1 0
github.com/alimikegami/compnouron/internal/recruitment/usecase/recruitment_use_case.go:192.93,194.16 2 0
github.com/alimikegami/compnouron/internal/recruitment/usecase/recruitment_use_case.go:198.2,198.25 1 0
github.com/alimikegami/compnouron/internal/recruitment/usecase/recruitment_use_case.go:202.2,203.16 2 0
github.com/alimikegami/compnouron/internal/recruitment/usecase/recruitment_use_case.go:207.2,208.16 2 0
github.com/alimikegami/compnouron/internal/recruitment/usecase/recruitment_use_case.go:211.2,212.16 2 0
github.com/alimikegami/compnouron/internal/recruitment/usecase/recruitment_use_case.go:215.2,215.12 1 0
github.com/alimikegami/compnouron/internal/recruitment/usecase/recruitment_use_case.go:194.16,196.3 1 0
github.com/alimikegami/compnouron/internal/recruitment/usecase/recruitment_use_case.go:198.25,200.3 1 0
github.com/alimikegami/compnouron/internal/recruitment/usecase/recruitment_use_case.go:203.16,205.3 1 0
github.com/alimikegami/compnouron/internal/recruitment/usecase/recruitment_use_case.go:208.16,210.3 1 0
github.com/alimikegami/compnouron/internal/recruitment/usecase/recruitment_use_case.go:212.16,214.3 1 0
github.com/alimikegami/compnouron/internal/recruitment/usecase/recruitment_use_case.go:218.133,221.16 3 0
github.com/alimikegami/compnouron/internal/recruitment/usecase/recruitment_use_case.go:225.2,225.43 1 0
github.com/alimikegami/compnouron/internal/recruitment/usecase/recruitment_use_case.go:233.2,233.34 1 0
github.com/alimikegami/compnouron/internal/recruitment/usecase/recruitment_use_case.go:221.16,223.3 1 0
github.com/alimikegami/compnouron/internal/recruitment/usecase/recruitment_use_case.go:225.43,231.3 1 0
github.com/alimikegami/compnouron/internal/recruitment/usecase/recruitment_use_case.go:236.97,238.16 2 0
github.com/alimikegami/compnouron/internal/recruitment/usecase/recruitment_use_case.go:242.2,250.33 2 0
github.com/alimikegami/compnouron/internal/recruitment/usecase/recruitment_use_case.go:238.16,240.3 1 0
github.com/alimikegami/compnouron/internal/recruitment/usecase/recruitment_use_case.go:253.86,255.16 2 0
github.com/alimikegami/compnouron/internal/recruitment/usecase/recruitment_use_case.go:259.2,259.25 1 0
github.com/alimikegami/compnouron/internal/recruitment/usecase/recruitment_use_case.go:263.2,265.12 2 0
github.com/alimikegami/compnouron/internal/recruitment/usecase/recruitment_use_case.go:255.16,257.3 1 0
github.com/alimikegami/compnouron/internal/recruitment/usecase/recruitment_use_case.go:259.25,261.3 1 0
github.com/alimikegami/compnouron/internal/recruitment/usecase/recruitment_use_case.go:268.97,270.16 2 0
github.com/alimikegami/compnouron/internal/recruitment/usecase/recruitment_use_case.go:274.2,274.25 1 0
github.com/alimikegami/compnouron/internal/recruitment/usecase/recruitment_use_case.go:278.2,280.12 2 0
github.com/alimikegami/compnouron/internal/recruitment/usecase/recruitment_use_case.go:270.16,272.3 1 0
github.com/alimikegami/compnouron/internal/recruitment/usecase/recruitment_use_case.go:274.25,276.3 1 0
github.com/alimikegami/compnouron/internal/recruitment/usecase/recruitment_use_case.go:283.98,285.16 2 0
github.com/alimikegami/compnouron/internal/recruitment/usecase/recruitment_use_case.go:289.2,289.25 1 0
github.com/alimikegami/compnouron/internal/recruitment/usecase/recruitment_use_case.go:293.2,295.12 2 0
github.com/alimikegami/compnouron/internal/recruitment/usecase/recruitment_use_case.go:285.16,287.3 1 0
github.com/alimikegami/compnouron/internal/recruitment/usecase/recruitment_use_case.go:289.25,291.3 1 0
github.com/alimikegami/compnouron/internal/team/usecase/team_use_case.go:23.69,25.2 1 1
github.com/alimikegami/compnouron/internal/team/usecase/team_use_case.go:27.81,35.16 3 1
github.com/alimikegami/compnouron/internal/team/usecase/team_use_case.go:39.2,41.12 2 1
github.com/alimikegami/compnouron/internal/team/usecase/team_use_case.go:35.16,37.3 1 0
github.com/alimikegami/compnouron/internal/team/usecase/team_use_case.go:44.68,46.16 2 1
github.com/alimikegami/compnouron/internal/team/usecase/team_use_case.go:50.2,50.25 1 1
github.com/alimikegami/compnouron/internal/team/usecase/team_use_case.go:54.2,56.12 2 1
github.com/alimikegami/compnouron/internal/team/usecase/team_use_case.go:46.16,48.3 1 0
github.com/alimikegami/compnouron/internal/team/usecase/team_use_case.go:50.25,52.3 1 1
github.com/alimikegami/compnouron/internal/team/usecase/team_use_case.go:59.94,61.16 2 1
github.com/alimikegami/compnouron/internal/team/usecase/team_use_case.go:65.2,65.25 1 1
github.com/alimikegami/compnouron/internal/team/usecase/team_use_case.go:69.2,77.12 3 1
github.com/alimikegami/compnouron/internal/team/usecase/team_use_case.go:61.16,63.3 1 0
github.com/alimikegami/compnouron/internal/team/usecase/team_use_case.go:65.25,67.3 1 1
github.com/alimikegami/compnouron/internal/team/usecase/team_use_case.go:80.92,83.16 3 1
github.com/alimikegami/compnouron/internal/team/usecase/team_use_case.go:87.2,87.38 1 1
github.com/alimikegami/compnouron/internal/team/usecase/team_use_case.go:94.2,94.27 1 1
github.com/alimikegami/compnouron/internal/team/usecase/team_use_case.go:83.16,85.3 1 0
github.com/alimikegami/compnouron/internal/team/usecase/team_use_case.go:87.38,92.3 1 1
github.com/alimikegami/compnouron/internal/team/usecase/team_use_case.go:97.94,100.16 2 1
github.com/alimikegami/compnouron/internal/team/usecase/team_use_case.go:104.2,110.42 2 1
github.com/alimikegami/compnouron/internal/team/usecase/team_use_case.go:118.2,118.25 1 1
github.com/alimikegami/compnouron/internal/team/usecase/team_use_case.go:100.16,102.3 1 0
github.com/alimikegami/compnouron/internal/team/usecase/team_use_case.go:110.42,116.3 1 1
github.com/alimikegami/compnouron/internal/competition/repository/competition_repository.go:34.72,36.2 1 1
github.com/alimikegami/compnouron/internal/competition/repository/competition_repository.go:38.95,40.25 2 1
github.com/alimikegami/compnouron/internal/competition/repository/competition_repository.go:44.2,44.12 1 1
github.com/alimikegami/compnouron/internal/competition/repository/competition_repository.go:40.25,42.3 1 1
github.com/alimikegami/compnouron/internal/competition/repository/competition_repository.go:47.128,50.25 3 0
github.com/alimikegami/compnouron/internal/competition/repository/competition_repository.go:53.2,53.30 1 0
github.com/alimikegami/compnouron/internal/competition/repository/competition_repository.go:50.25,52.3 1 0
github.com/alimikegami/compnouron/internal/competition/repository/competition_repository.go:56.71,58.25 2 1
github.com/alimikegami/compnouron/internal/competition/repository/competition_repository.go:61.2,61.12 1 1
github.com/alimikegami/compnouron/internal/competition/repository/competition_repository.go:58.25,60.3 1 0
github.com/alimikegami/compnouron/internal/competition/repository/competition_repository.go:64.94,68.25 3 1
github.com/alimikegami/compnouron/internal/competition/repository/competition_repository.go:72.2,72.25 1 1
github.com/alimikegami/compnouron/internal/competition/repository/competition_repository.go:68.25,70.3 1 1
github.com/alimikegami/compnouron/internal/competition/repository/competition_repository.go:75.94,78.25 2 1
github.com/alimikegami/compnouron/internal/competition/repository/competition_repository.go:82.2,82.12 1 1
github.com/alimikegami/compnouron/internal/competition/repository/competition_repository.go:78.25,80.3 1 1
github.com/alimikegami/compnouron/internal/competition/repository/competition_repository.go:85.107,89.25 3 0
github.com/alimikegami/compnouron/internal/competition/repository/competition_repository.go:93.2,93.26 1 0
github.com/alimikegami/compnouron/internal/competition/repository/competition_repository.go:89.25,91.3 1 0
github.com/alimikegami/compnouron/internal/competition/repository/competition_repository.go:96.109,98.25 2 0
github.com/alimikegami/compnouron/internal/competition/repository/competition_repository.go:101.2,101.12 1 0
github.com/alimikegami/compnouron/internal/competition/repository/competition_repository.go:98.25,100.3 1 0
github.com/alimikegami/compnouron/internal/competition/repository/competition_repository.go:104.113,108.25 3 0
github.com/alimikegami/compnouron/internal/competition/repository/competition_repository.go:112.2,112.37 1 0
github.com/alimikegami/compnouron/internal/competition/repository/competition_repository.go:108.25,110.3 1 0
github.com/alimikegami/compnouron/internal/competition/repository/competition_repository.go:115.121,120.25 3 0
github.com/alimikegami/compnouron/internal/competition/repository/competition_repository.go:124.2,124.25 1 0
github.com/alimikegami/compnouron/internal/competition/repository/competition_repository.go:120.25,122.3 1 0
github.com/alimikegami/compnouron/internal/competition/repository/competition_repository.go:127.83,129.25 2 0
github.com/alimikegami/compnouron/internal/competition/repository/competition_repository.go:133.2,133.30 1 0
github.com/alimikegami/compnouron/internal/competition/repository/competition_repository.go:137.2,137.12 1 0
github.com/alimikegami/compnouron/internal/competition/repository/competition_repository.go:129.25,131.3 1 0
github.com/alimikegami/compnouron/internal/competition/repository/competition_repository.go:133.30,135.3 1 0
github.com/alimikegami/compnouron/internal/competition/repository/competition_repository.go:140.83,142.25 2 0
github.com/alimikegami/compnouron/internal/competition/repository/competition_repository.go:146.2,146.30 1 0
github.com/alimikegami/compnouron/internal/competition/repository/competition_repository.go:150.2,150.12 1 0
github.com/alimikegami/compnouron/internal/competition/repository/competition_repository.go:142.25,144.3 1 0
github.com/alimikegami/compnouron/internal/competition/repository/competition_repository.go:146.30,148.3 1 0
github.com/alimikegami/compnouron/internal/competition/repository/competition_repository.go:153.88,155.25 2 0
github.com/alimikegami/compnouron/internal/competition/repository/competition_repository.go:159.2,159.30 1 0
github.com/alimikegami/compnouron/internal/competition/repository/competition_repository.go:163.2,163.12 1 0
github.com/alimikegami/compnouron/internal/competition/repository/competition_repository.go:155.25,157.3 1 0
github.com/alimikegami/compnouron/internal/competition/repository/competition_repository.go:159.30,161.3 1 0
github.com/alimikegami/compnouron/internal/competition/repository/competition_repository.go:166.87,168.25 2 0
github.com/alimikegami/compnouron/internal/competition/repository/competition_repository.go:172.2,172.30 1 0
github.com/alimikegami/compnouron/internal/competition/repository/competition_repository.go:176.2,176.12 1 0
github.com/alimikegami/compnouron/internal/competition/repository/competition_repository.go:168.25,170.3 1 0
github.com/alimikegami/compnouron/internal/competition/repository/competition_repository.go:172.30,174.3 1 0
github.com/alimikegami/compnouron/internal/competition/repository/competition_repository.go:179.104,182.25 3 0
github.com/alimikegami/compnouron/internal/competition/repository/competition_repository.go:186.2,186.19 1 0
github.com/alimikegami/compnouron/internal/competition/repository/competition_repository.go:182.25,184.3 1 0
github.com/alimikegami/compnouron/internal/competition/repository/competition_repository.go:189.125,192.25 3 0
github.com/alimikegami/compnouron/internal/competition/repository/competition_repository.go:196.2,196.26 1 0
github.com/alimikegami/compnouron/internal/competition/repository/competition_repository.go:192.25,194.3 1 0
github.com/alimikegami/compnouron/internal/user/controller/user_controller.go:21.76,27.2 5 0
github.com/alimikegami/compnouron/internal/user/controller/user_controller.go:40.60,42.34 2 1
github.com/alimikegami/compnouron/internal/user/controller/user_controller.go:50.2,51.16 2 1
github.com/alimikegami/compnouron/internal/user/controller/user_controller.go:59.2,63.4 1 1
github.com/alimikegami/compnouron/internal/user/controller/user_controller.go:42.34,49.3 2 0
github.com/alimikegami/compnouron/internal/user/controller/user_controller.go:51.16,58.3 2 1
github.com/alimikegami/compnouron/internal/user/controller/user_controller.go:77.55,79.43 2 1
github.com/alimikegami/compnouron/internal/user/controller/user_controller.go:87.2,88.16 2 1
github.com/alimikegami/compnouron/internal/user/controller/user_controller.go:102.2,109.4 1 1
github.com/alimikegami/compnouron/internal/user/controller/user_controller.go:79.43,86.3 2 0
github.com/alimikegami/compnouron/internal/user/controller/user_controller.go:88.16,91.46 3 1
github.com/alimikegami/compnouron/internal/user/controller/user_controller.go:96.3,100.5 1 1
github.com/alimikegami/compnouron/internal/user/controller/user_controller.go:91.46,93.4 1 1
github.com/alimikegami/compnouron/internal/user/controller/user_controller.go:93.9,95.4 1 0
github.com/alimikegami/compnouron/internal/user/controller/user_controller.go:121.83,124.16 3 0
github.com/alimikegami/compnouron/internal/user/controller/user_controller.go:132.2,136.4 1 0
github.com/alimikegami/compnouron/internal/user/controller/user_controller.go:124.16,131.3 2 0
github.com/alimikegami/compnouron/internal/user/controller/user_controller.go:148.69,151.16 3 0
github.com/alimikegami/compnouron/internal/user/controller/user_controller.go:159.2,160.16 2 0
github.com/alimikegami/compnouron/internal/user/controller/user_controller.go:168.2,172.4 1 0
github.com/alimikegami/compnouron/internal/user/controller/user_controller.go:151.16,158.3 2 0
github.com/alimikegami/compnouron/internal/user/controller/user_controller.go:160.16,167.3 2 0
github.com/alimikegami/compnouron/internal/user/controller/user_controller.go:184.82,187.16 3 0
github.com/alimikegami/compnouron/internal/user/controller/user_controller.go:195.2,199.4 1 0
github.com/alimikegami/compnouron/internal/user/controller/user_controller.go:187.16,194.3 2 0
github.com/alimikegami/compnouron/internal/user/controller/user_controller.go:202.88,204.2 1 0
github.com/alimikegami/compnouron/internal/team/controller/team_controller.go:21.76,23.2 2 0
github.com/alimikegami/compnouron/internal/team/controller/team_controller.go:23.2,29.3 5 0
github.com/alimikegami/compnouron/internal/team/controller/team_controller.go:47.60,50.16 3 1
github.com/alimikegami/compnouron/internal/team/controller/team_controller.go:58.2,60.37 3 1
github.com/alimikegami/compnouron/internal/team/controller/team_controller.go:69.2,70.16 2 1
github.com/alimikegami/compnouron/internal/team/controller/team_controller.go:86.2,90.4 1 1
github.com/alimikegami/compnouron/internal/team/controller/team_controller.go:50.16,57.3 2 0
github.com/alimikegami/compnouron/internal/team/controller/team_controller.go:60.37,67.3 2 0
github.com/alimikegami/compnouron/internal/team/controller/team_controller.go:70.16,72.43 2 1
github.com/alimikegami/compnouron/internal/team/controller/team_controller.go:79.3,83.5 1 1
github.com/alimikegami/compnouron/internal/team/controller/team_controller.go:72.43,78.4 1 0
github.com/alimikegami/compnouron/internal/team/controller/team_controller.go:106.60,109.37 3 1
github.com/alimikegami/compnouron/internal/team/controller/team_controller.go:118.2,119.16 2 1
github.com/alimikegami/compnouron/internal/team/controller/team_controller.go:128.2,132.4 1 1
github.com/alimikegami/compnouron/internal/team/controller/team_controller.go:109.37,116.3 2 0
github.com/alimikegami/compnouron/internal/team/controller/team_controller.go:119.16,126.3 2 1
github.com/alimikegami/compnouron/internal/team/controller/team_controller.go:148.60,153.16 4 1
github.com/alimikegami/compnouron/internal/team/controller/team_controller.go:162.2,164.16 2 1
github.com/alimikegami/compnouron/internal/team/controller/team_controller.go:180.2,184.4 1 1
github.com/alimikegami/compnouron/internal/team/controller/team_controller.go:153.16,160.3 2 0
github.com/alimikegami/compnouron/internal/team/controller/team_controller.go:164.16,166.43 2 1
github.com/alimikegami/compnouron/internal/team/controller/team_controller.go:173.3,177.5 1 1
github.com/alimikegami/compnouron/internal/team/controller/team_controller.go:166.43,172.4 1 1
github.com/alimikegami/compnouron/internal/team/controller/team_controller.go:197.66,200.16 3 1
github.com/alimikegami/compnouron/internal/team/controller/team_controller.go:208.2,209.16 2 1
github.com/alimikegami/compnouron/internal/team/controller/team_controller.go:217.2,221.4 1 1
github.com/alimikegami/compnouron/internal/team/controller/team_controller.go:200.16,206.3 1 0
github.com/alimikegami/compnouron/internal/team/controller/team_controller.go:209.16,215.3 1 0
github.com/alimikegami/compnouron/internal/team/controller/team_controller.go:234.68,237.16 3 1
github.com/alimikegami/compnouron/internal/team/controller/team_controller.go:245.2,246.16 2 1
github.com/alimikegami/compnouron/internal/team/controller/team_controller.go:254.2,258.4 1 1
github.com/alimikegami/compnouron/internal/team/controller/team_controller.go:237.16,243.3 1 0
github.com/alimikegami/compnouron/internal/team/controller/team_controller.go:246.16,252.3 1 1
github.com/alimikegami/compnouron/internal/team/controller/team_controller.go:261.88,263.2 1 0
github.com/alimikegami/compnouron/internal/competition/controller/competition_controller.go:21.116,23.2 1 0
github.com/alimikegami/compnouron/internal/competition/controller/competition_controller.go:25.90,27.2 2 0
github.com/alimikegami/compnouron/internal/competition/controller/competition_controller.go:27.2,39.3 11 0
github.com/alimikegami/compnouron/internal/competition/controller/competition_controller.go:55.74,58.44 3 1
github.com/alimikegami/compnouron/internal/competition/controller/competition_controller.go:66.2,67.16 2 1
github.com/alimikegami/compnouron/internal/competition/controller/competition_controller.go:75.2,79.4 1 1
github.com/alimikegami/compnouron/internal/competition/controller/competition_controller.go:58.44,65.3 2 0
github.com/alimikegami/compnouron/internal/competition/controller/competition_controller.go:67.16,74.3 2 1
github.com/alimikegami/compnouron/internal/competition/controller/competition_controller.go:92.75,95.16 3 0
github.com/alimikegami/compnouron/internal/competition/controller/competition_controller.go:104.2,106.16 2 0
github.com/alimikegami/compnouron/internal/competition/controller/competition_controller.go:114.2,118.4 1 0
github.com/alimikegami/compnouron/internal/competition/controller/competition_controller.go:95.16,102.3 2 0
github.com/alimikegami/compnouron/internal/competition/controller/competition_controller.go:106.16,113.3 2 0
github.com/alimikegami/compnouron/internal/competition/controller/competition_controller.go:133.74,137.16 4 1
github.com/alimikegami/compnouron/internal/competition/controller/competition_controller.go:145.2,147.16 2 1
github.com/alimikegami/compnouron/internal/competition/controller/competition_controller.go:163.2,167.4 1 1
github.com/alimikegami/compnouron/internal/competition/controller/competition_controller.go:137.16,144.3 2 0
github.com/alimikegami/compnouron/internal/competition/controller/competition_controller.go:147.16,148.43 1 1
github.com/alimikegami/compnouron/internal/competition/controller/competition_controller.go:155.3,160.5 2 1
github.com/alimikegami/compnouron/internal/competition/controller/competition_controller.go:148.43,154.4 1 0
github.com/alimikegami/compnouron/internal/competition/controller/competition_controller.go:184.74,188.44 4 1
github.com/alimikegami/compnouron/internal/competition/controller/competition_controller.go:196.2,197.16 2 1
github.com/alimikegami/compnouron/internal/competition/controller/competition_controller.go:205.2,206.16 2 1
github.com/alimikegami/compnouron/internal/competition/controller/competition_controller.go:221.2,225.4 1 1
github.com/alimikegami/compnouron/internal/competition/controller/competition_controller.go:188.44,195.3 2 0
github.com/alimikegami/compnouron/internal/competition/controller/competition_controller.go:197.16,204.3 2 0
github.com/alimikegami/compnouron/internal/competition/controller/competition_controller.go:206.16,208.43 2 1
github.com/alimikegami/compnouron/internal/competition/controller/competition_controller.go:215.3,219.5 1 1
github.com/alimikegami/compnouron/internal/competition/controller/competition_controller.go:208.43,214.4 1 0
github.com/alimikegami/compnouron/internal/competition/controller/competition_controller.go:242.72,247.16 5 0
github.com/alimikegami/compnouron/internal/competition/controller/competition_controller.go:256.2,257.16 2 0
github.com/alimikegami/compnouron/internal/competition/controller/competition_controller.go:265.2,266.19 2 0
github.com/alimikegami/compnouron/internal/competition/controller/competition_controller.go:273.2,273.16 1 0
github.com/alimikegami/compnouron/internal/competition/controller/competition_controller.go:281.2,285.4 1 0
github.com/alimikegami/compnouron/internal/competition/controller/competition_controller.go:247.16,254.3 2 0
github.com/alimikegami/compnouron/internal/competition/controller/competition_controller.go:257.16,264.3 2 0
github.com/alimikegami/compnouron/internal/competition/controller/competition_controller.go:266.19,269.3 1 0
github.com/alimikegami/compnouron/internal/competition/controller/competition_controller.go:269.8,272.3 1 0
github.com/alimikegami/compnouron/internal/competition/controller/competition_controller.go:273.16,280.3 2 0
github.com/alimikegami/compnouron/internal/competition/controller/competition_controller.go:301.65,304.56 3 1
github.com/alimikegami/compnouron/internal/competition/controller/competition_controller.go:312.2,314.16 2 1
github.com/alimikegami/compnouron/internal/competition/controller/competition_controller.go:323.2,327.4 1 1
github.com/alimikegami/compnouron/internal/competition/controller/competition_controller.go:304.56,311.3 2 0
github.com/alimikegami/compnouron/internal/competition/controller/competition_controller.go:314.16,321.3 2 1
github.com/alimikegami/compnouron/internal/competition/controller/competition_controller.go:342.86,346.16 4 1
github.com/alimikegami/compnouron/internal/competition/controller/competition_controller.go:354.2,355.16 2 1
github.com/alimikegami/compnouron/internal/competition/controller/competition_controller.go:370.2,374.4 1 1
github.com/alimikegami/compnouron/internal/competition/controller/competition_controller.go:346.16,352.3 1 0
github.com/alimikegami/compnouron/internal/competition/controller/competition_controller.go:355.16,356.43 1 1
github.com/alimikegami/compnouron/internal/competition/controller/competition_controller.go:363.3,367.5 1 1
github.com/alimikegami/compnouron/internal/competition/controller/competition_controller.go:356.43,362.4 1 0
github.com/alimikegami/compnouron/internal/competition/controller/competition_controller.go:389.86,393.16 4 1
github.com/alimikegami/compnouron/internal/competition/controller/competition_controller.go:401.2,402.16 2 1
github.com/alimikegami/compnouron/internal/competition/controller/competition_controller.go:417.2,421.4 1 1
github.com/alimikegami/compnouron/internal/competition/controller/competition_controller.go:393.16,399.3 1 0
github.com/alimikegami/compnouron/internal/competition/controller/competition_controller.go:402.16,403.43 1 1
github.com/alimikegami/compnouron/internal/competition/controller/competition_controller.go:410.3,414.5 1 1
github.com/alimikegami/compnouron/internal/competition/controller/competition_controller.go:403.43,409.4 1 0
github.com/alimikegami/compnouron/internal/competition/controller/competition_controller.go:436.91,440.16 4 0
github.com/alimikegami/compnouron/internal/competition/controller/competition_controller.go:448.2,449.16 2 0
github.com/alimikegami/compnouron/internal/competition/controller/competition_controller.go:464.2,468.4 1 0
github.com/alimikegami/compnouron/internal/competition/controller/competition_controller.go:440.16,446.3 1 0
github.com/alimikegami/compnouron/internal/competition/controller/competition_controller.go:449.16,450.43 1 0
github.com/alimikegami/compnouron/internal/competition/controller/competition_controller.go:457.3,461.5 1 0
github.com/alimikegami/compnouron/internal/competition/controller/competition_controller.go:450.43,456.4 1 0
github.com/alimikegami/compnouron/internal/competition/controller/competition_controller.go:483.90,487.16 4 0
github.com/alimikegami/compnouron/internal/competition/controller/competition_controller.go:495.2,496.16 2 0
github.com/alimikegami/compnouron/internal/competition/controller/competition_controller.go:511.2,515.4 1 0
github.com/alimikegami/compnouron/internal/competition/controller/competition_controller.go:487.16,493.3 1 0
github.com/alimikegami/compnouron/internal/competition/controller/competition_controller.go:496.16,497.43 1 0
github.com/alimikegami/compnouron/internal/competition/controller/competition_controller.go:504.3,508.5 1 0
github.com/alimikegami/compnouron/internal/competition/controller/competition_controller.go:497.43,503.4 1 0
github.com/alimikegami/compnouron/internal/competition/controller/competition_controller.go:531.83,537.16 5 0
github.com/alimikegami/compnouron/internal/competition/controller/competition_controller.go:544.2,545.26 2 0
github.com/alimikegami/compnouron/internal/competition/controller/competition_controller.go:550.2,550.16 1 0
github.com/alimikegami/compnouron/internal/competition/controller/competition_controller.go:566.2,570.4 1 0
github.com/alimikegami/compnouron/internal/competition/controller/competition_controller.go:537.16,543.3 1 0
github.com/alimikegami/compnouron/internal/competition/controller/competition_controller.go:545.26,547.3 1 0
github.com/alimikegami/compnouron/internal/competition/controller/competition_controller.go:547.8,549.3 1 0
github.com/alimikegami/compnouron/internal/competition/controller/competition_controller.go:550.16,551.43 1 0
github.com/alimikegami/compnouron/internal/competition/controller/competition_controller.go:559.3,563.5 1 0
github.com/alimikegami/compnouron/internal/competition/controller/competition_controller.go:551.43,557.4 1 0
github.com/alimikegami/compnouron/internal/recruitment/repository/recruitment_repository.go:36.72,38.2 1 1
github.com/alimikegami/compnouron/internal/recruitment/repository/recruitment_repository.go:40.94,43.25 2 1
github.com/alimikegami/compnouron/internal/recruitment/repository/recruitment_repository.go:47.2,47.21 1 1
github.com/alimikegami/compnouron/internal/recruitment/repository/recruitment_repository.go:43.25,45.3 1 1
github.com/alimikegami/compnouron/internal/recruitment/repository/recruitment_repository.go:50.107,54.25 3 0
github.com/alimikegami/compnouron/internal/recruitment/repository/recruitment_repository.go:58.2,58.26 1 0
github.com/alimikegami/compnouron/internal/recruitment/repository/recruitment_repository.go:54.25,56.3 1 0
github.com/alimikegami/compnouron/internal/recruitment/repository/recruitment_repository.go:61.94,64.25 2 0
github.com/alimikegami/compnouron/internal/recruitment/repository/recruitment_repository.go:68.2,68.12 1 0
github.com/alimikegami/compnouron/internal/recruitment/repository/recruitment_repository.go:64.25,66.3 1 0
github.com/alimikegami/compnouron/internal/recruitment/repository/recruitment_repository.go:71.127,74.25 2 1
github.com/alimikegami/compnouron/internal/recruitment/repository/recruitment_repository.go:78.2,78.12 1 1
github.com/alimikegami/compnouron/internal/recruitment/repository/recruitment_repository.go:74.25,76.3 1 1
github.com/alimikegami/compnouron/internal/recruitment/repository/recruitment_repository.go:81.126,84.25 3 0
github.com/alimikegami/compnouron/internal/recruitment/repository/recruitment_repository.go:88.2,88.25 1 0
github.com/alimikegami/compnouron/internal/recruitment/repository/recruitment_repository.go:84.25,86.3 1 0
github.com/alimikegami/compnouron/internal/recruitment/repository/recruitment_repository.go:91.94,94.25 3 1
github.com/alimikegami/compnouron/internal/recruitment/repository/recruitment_repository.go:98.2,98.25 1 1
github.com/alimikegami/compnouron/internal/recruitment/repository/recruitment_repository.go:94.25,96.3 1 1
github.com/alimikegami/compnouron/internal/recruitment/repository/recruitment_repository.go:101.129,104.25 3 0
github.com/alimikegami/compnouron/internal/recruitment/repository/recruitment_repository.go:108.2,108.49 1 0
github.com/alimikegami/compnouron/internal/recruitment/repository/recruitment_repository.go:104.25,106.3 1 0
github.com/alimikegami/compnouron/internal/recruitment/repository/recruitment_repository.go:111.100,115.25 4 0
github.com/alimikegami/compnouron/internal/recruitment/repository/recruitment_repository.go:119.2,119.26 1 0
github.com/alimikegami/compnouron/internal/recruitment/repository/recruitment_repository.go:115.25,117.3 1 0
github.com/alimikegami/compnouron/internal/recruitment/repository/recruitment_repository.go:122.111,127.25 3 0
github.com/alimikegami/compnouron/internal/recruitment/repository/recruitment_repository.go:131.2,131.26 1 0
github.com/alimikegami/compnouron/internal/recruitment/repository/recruitment_repository.go:127.25,129.3 1 0
github.com/alimikegami/compnouron/internal/recruitment/repository/recruitment_repository.go:134.82,136.25 2 1
github.com/alimikegami/compnouron/internal/recruitment/repository/recruitment_repository.go:140.2,140.30 1 1
github.com/alimikegami/compnouron/internal/recruitment/repository/recruitment_repository.go:144.2,144.12 1 1
github.com/alimikegami/compnouron/internal/recruitment/repository/recruitment_repository.go:136.25,138.3 1 1
github.com/alimikegami/compnouron/internal/recruitment/repository/recruitment_repository.go:140.30,142.3 1 0
github.com/alimikegami/compnouron/internal/recruitment/repository/recruitment_repository.go:147.82,149.25 2 1
github.com/alimikegami/compnouron/internal/recruitment/repository/recruitment_repository.go:153.2,153.30 1 1
github.com/alimikegami/compnouron/internal/recruitment/repository/recruitment_repository.go:157.2,157.12 1 1
github.com/alimikegami/compnouron/internal/recruitment/repository/recruitment_repository.go:149.25,151.3 1 1
github.com/alimikegami/compnouron/internal/recruitment/repository/recruitment_repository.go:153.30,155.3 1 0
github.com/alimikegami/compnouron/internal/recruitment/repository/recruitment_repository.go:160.116,164.25 4 0
github.com/alimikegami/compnouron/internal/recruitment/repository/recruitment_repository.go:168.2,168.36 1 0
github.com/alimikegami/compnouron/internal/recruitment/repository/recruitment_repository.go:164.25,166.3 1 0
github.com/alimikegami/compnouron/internal/recruitment/repository/recruitment_repository.go:171.75,173.25 2 1
github.com/alimikegami/compnouron/internal/recruitment/repository/recruitment_repository.go:177.2,177.29 1 1
github.com/alimikegami/compnouron/internal/recruitment/repository/recruitment_repository.go:181.2,181.12 1 1
github.com/alimikegami/compnouron/internal/recruitment/repository/recruitment_repository.go:173.25,175.3 1 1
github.com/alimikegami/compnouron/internal/recruitment/repository/recruitment_repository.go:177.29,179.3 1 0
github.com/alimikegami/compnouron/internal/recruitment/repository/recruitment_repository.go:184.86,186.25 2 1
github.com/alimikegami/compnouron/internal/recruitment/repository/recruitment_repository.go:190.2,190.30 1 1
github.com/alimikegami/compnouron/internal/recruitment/repository/recruitment_repository.go:194.2,194.12 1 1
github.com/alimikegami/compnouron/internal/recruitment/repository/recruitment_repository.go:186.25,188.3 1 1
github.com/alimikegami/compnouron/internal/recruitment/repository/recruitment_repository.go:190.30,192.3 1 0
github.com/alimikegami/compnouron/internal/recruitment/repository/recruitment_repository.go:197.87,199.25 2 1
github.com/alimikegami/compnouron/internal/recruitment/repository/recruitment_repository.go:203.2,203.30 1 1
github.com/alimikegami/compnouron/internal/recruitment/repository/recruitment_repository.go:207.2,207.12 1 1
github.com/alimikegami/compnouron/internal/recruitment/repository/recruitment_repository.go:199.25,201.3 1 1
github.com/alimikegami/compnouron/internal/recruitment/repository/recruitment_repository.go:203.30,205.3 1 0
github.com/alimikegami/compnouron/internal/recruitment/repository/recruitment_repository.go:210.125,213.25 3 0
github.com/alimikegami/compnouron/internal/recruitment/repository/recruitment_repository.go:217.2,217.26 1 0
github.com/alimikegami/compnouron/internal/recruitment/repository/recruitment_repository.go:213.25,215.3 1 0
github.com/alimikegami/compnouron/internal/recruitment/controller/recruitment_controller.go:21.90,23.2 2 0
github.com/alimikegami/compnouron/internal/recruitment/controller/recruitment_controller.go:23.2,36.3 12 0
github.com/alimikegami/compnouron/internal/recruitment/controller/recruitment_controller.go:53.74,56.44 3 0
github.com/alimikegami/compnouron/internal/recruitment/controller/recruitment_controller.go:64.2,65.16 2 0
github.com/alimikegami/compnouron/internal/recruitment/controller/recruitment_controller.go:80.2,84.4 1 0
github.com/alimikegami/compnouron/internal/recruitment/controller/recruitment_controller.go:56.44,63.3 2 0
github.com/alimikegami/compnouron/internal/recruitment/controller/recruitment_controller.go:65.16,66.43 1 0
github.com/alimikegami/compnouron/internal/recruitment/controller/recruitment_controller.go:73.3,77.5 1 0
github.com/alimikegami/compnouron/internal/recruitment/controller/recruitment_controller.go:66.43,72.4 1 0
github.com/alimikegami/compnouron/internal/recruitment/controller/recruitment_controller.go:102.74,106.16 4 0
github.com/alimikegami/compnouron/internal/recruitment/controller/recruitment_controller.go:120.2,121.44 2 0
github.com/alimikegami/compnouron/internal/recruitment/controller/recruitment_controller.go:130.2,131.16 2 0
github.com/alimikegami/compnouron/internal/recruitment/controller/recruitment_controller.go:139.2,143.4 1 0
github.com/alimikegami/compnouron/internal/recruitment/controller/recruitment_controller.go:106.16,107.43 1 0
github.com/alimikegami/compnouron/internal/recruitment/controller/recruitment_controller.go:114.3,118.5 1 0
github.com/alimikegami/compnouron/internal/recruitment/controller/recruitment_controller.go:107.43,113.4 1 0
github.com/alimikegami/compnouron/internal/recruitment/controller/recruitment_controller.go:121.44,128.3 2 0
github.com/alimikegami/compnouron/internal/recruitment/controller/recruitment_controller.go:131.16,137.3 1 0
github.com/alimikegami/compnouron/internal/recruitment/controller/recruitment_controller.go:159.85,162.55 3 1
github.com/alimikegami/compnouron/internal/recruitment/controller/recruitment_controller.go:171.2,172.16 2 1
github.com/alimikegami/compnouron/internal/recruitment/controller/recruitment_controller.go:180.2,184.4 1 1
github.com/alimikegami/compnouron/internal/recruitment/controller/recruitment_controller.go:162.55,169.3 2 0
github.com/alimikegami/compnouron/internal/recruitment/controller/recruitment_controller.go:172.16,178.3 1 1
github.com/alimikegami/compnouron/internal/recruitment/controller/recruitment_controller.go:199.72,204.16 5 0
github.com/alimikegami/compnouron/internal/recruitment/controller/recruitment_controller.go:213.2,214.16 2 0
github.com/alimikegami/compnouron/internal/recruitment/controller/recruitment_controller.go:223.2,225.19 2 0
github.com/alimikegami/compnouron/internal/recruitment/controller/recruitment_controller.go:231.2,231.16 1 0
github.com/alimikegami/compnouron/internal/recruitment/controller/recruitment_controller.go:239.2,243.4 1 0
github.com/alimikegami/compnouron/internal/recruitment/controller/recruitment_controller.go:204.16,211.3 2 0
github.com/alimikegami/compnouron/internal/recruitment/controller/recruitment_controller.go:214.16,221.3 2 0
github.com/alimikegami/compnouron/internal/recruitment/controller/recruitment_controller.go:225.19,227.3 1 0
github.com/alimikegami/compnouron/internal/recruitment/controller/recruitment_controller.go:227.8,229.3 1 0
github.com/alimikegami/compnouron/internal/recruitment/controller/recruitment_controller.go:231.16,237.3 1 0
github.com/alimikegami/compnouron/internal/recruitment/controller/recruitment_controller.go:259.75,262.16 3 0
github.com/alimikegami/compnouron/internal/recruitment/controller/recruitment_controller.go:270.2,271.16 2 0
github.com/alimikegami/compnouron/internal/recruitment/controller/recruitment_controller.go:286.2,290.4 1 0
github.com/alimikegami/compnouron/internal/recruitment/controller/recruitment_controller.go:262.16,268.3 1 0
github.com/alimikegami/compnouron/internal/recruitment/controller/recruitment_controller.go:271.16,272.43 1 0
github.com/alimikegami/compnouron/internal/recruitment/controller/recruitment_controller.go:279.3,283.5 1 0
github.com/alimikegami/compnouron/internal/recruitment/controller/recruitment_controller.go:272.43,278.4 1 0
github.com/alimikegami/compnouron/internal/recruitment/controller/recruitment_controller.go:306.82,311.16 4 0
github.com/alimikegami/compnouron/internal/recruitment/controller/recruitment_controller.go:319.2,320.16 2 0
github.com/alimikegami/compnouron/internal/recruitment/controller/recruitment_controller.go:335.2,339.4 1 0
github.com/alimikegami/compnouron/internal/recruitment/controller/recruitment_controller.go:311.16,317.3 1 0
github.com/alimikegami/compnouron/internal/recruitment/controller/recruitment_controller.go:320.16,321.43 1 0
github.com/alimikegami/compnouron/internal/recruitment/controller/recruitment_controller.go:328.3,332.5 1 0
github.com/alimikegami/compnouron/internal/recruitment/controller/recruitment_controller.go:321.43,327.4 1 0
github.com/alimikegami/compnouron/internal/recruitment/controller/recruitment_controller.go:354.79,357.16 3 0
github.com/alimikegami/compnouron/internal/recruitment/controller/recruitment_controller.go:364.2,365.16 2 0
github.com/alimikegami/compnouron/internal/recruitment/controller/recruitment_controller.go:373.2,377.4 1 0
github.com/alimikegami/compnouron/internal/recruitment/controller/recruitment_controller.go:357.16,363.3 1 0
github.com/alimikegami/compnouron/internal/recruitment/controller/recruitment_controller.go:365.16,371.3 1 0
github.com/alimikegami/compnouron/internal/recruitment/controller/recruitment_controller.go:393.85,397.16 4 0
github.com/alimikegami/compnouron/internal/recruitment/controller/recruitment_controller.go:405.2,406.16 2 0
github.com/alimikegami/compnouron/internal/recruitment/controller/recruitment_controller.go:422.2,426.4 1 0
github.com/alimikegami/compnouron/internal/recruitment/controller/recruitment_controller.go:397.16,403.3 1 0
github.com/alimikegami/compnouron/internal/recruitment/controller/recruitment_controller.go:406.16,407.43 1 0
github.com/alimikegami/compnouron/internal/recruitment/controller/recruitment_controller.go:415.3,419.5 1 0
github.com/alimikegami/compnouron/internal/recruitment/controller/recruitment_controller.go:407.43,413.4 1 0
github.com/alimikegami/compnouron/internal/recruitment/controller/recruitment_controller.go:442.85,446.16 4 0
github.com/alimikegami/compnouron/internal/recruitment/controller/recruitment_controller.go:454.2,455.16 2 0
github.com/alimikegami/compnouron/internal/recruitment/controller/recruitment_controller.go:471.2,475.4 1 0
github.com/alimikegami/compnouron/internal/recruitment/controller/recruitment_controller.go:446.16,452.3 1 0
github.com/alimikegami/compnouron/internal/recruitment/controller/recruitment_controller.go:455.16,456.43 1 0
github.com/alimikegami/compnouron/internal/recruitment/controller/recruitment_controller.go:464.3,468.5 1 0
github.com/alimikegami/compnouron/internal/recruitment/controller/recruitment_controller.go:456.43,462.4 1 0
github.com/alimikegami/compnouron/internal/recruitment/controller/recruitment_controller.go:491.78,495.16 4 0
github.com/alimikegami/compnouron/internal/recruitment/controller/recruitment_controller.go:503.2,504.16 2 0
github.com/alimikegami/compnouron/internal/recruitment/controller/recruitment_controller.go:520.2,524.4 1 0
github.com/alimikegami/compnouron/internal/recruitment/controller/recruitment_controller.go:495.16,501.3 1 0
github.com/alimikegami/compnouron/internal/recruitment/controller/recruitment_controller.go:504.16,505.43 1 0
github.com/alimikegami/compnouron/internal/recruitment/controller/recruitment_controller.go:513.3,517.5 1 0
github.com/alimikegami/compnouron/internal/recruitment/controller/recruitment_controller.go:505.43,511.4 1 0
github.com/alimikegami/compnouron/internal/recruitment/controller/recruitment_controller.go:540.89,544.16 4 0
github.com/alimikegami/compnouron/internal/recruitment/controller/recruitment_controller.go:552.2,553.16 2 0
github.com/alimikegami/compnouron/internal/recruitment/controller/recruitment_controller.go:569.2,573.4 1 0
github.com/alimikegami/compnouron/internal/recruitment/controller/recruitment_controller.go:544.16,550.3 1 0
github.com/alimikegami/compnouron/internal/recruitment/controller/recruitment_controller.go:553.16,554.43 1 0
github.com/alimikegami/compnouron/internal/recruitment/controller/recruitment_controller.go:562.3,566.5 1 0
github.com/alimikegami/compnouron/internal/recruitment/controller/recruitment_controller.go:554.43,560.4 1 0
github.com/alimikegami/compnouron/internal/recruitment/controller/recruitment_controller.go:589.90,593.16 4 0
github.com/alimikegami/compnouron/internal/recruitment/controller/recruitment_controller.go:601.2,602.16 2 0
github.com/alimikegami/compnouron/internal/recruitment/controller/recruitment_controller.go:618.2,622.4 1 0
github.com/alimikegami/compnouron/internal/recruitment/controller/recruitment_controller.go:593.16,599.3 1 0
github.com/alimikegami/compnouron/internal/recruitment/controller/recruitment_controller.go:602.16,603.43 1 0
github.com/alimikegami/compnouron/internal/recruitment/controller/recruitment_controller.go:611.3,615.5 1 0
github.com/alimikegami/compnouron/internal/recruitment/controller/recruitment_controller.go:603.43,609.4 1 0
github.com/alimikegami/compnouron/internal/recruitment/controller/recruitment_controller.go:625.116,627.2 1 0
github.com/alimikegami/compnouron/internal/user/repository/user_repository.go:18.74,20.25 2 1
github.com/alimikegami/compnouron/internal/user/repository/user_repository.go:24.2,24.21 1 1
github.com/alimikegami/compnouron/internal/user/repository/user_repository.go:20.25,22.3 1 1
github.com/alimikegami/compnouron/internal/user/repository/user_repository.go:27.73,29.25 2 1
github.com/alimikegami/compnouron/internal/user/repository/user_repository.go:32.2,32.12 1 1
github.com/alimikegami/compnouron/internal/user/repository/user_repository.go:29.25,31.3 1 1
github.com/alimikegami/compnouron/internal/user/repository/user_repository.go:35.73,40.2 3 1
github.com/alimikegami/compnouron/internal/user/repository/user_repository.go:42.58,44.2 1 1
github.com/alimikegami/compnouron/internal/team/repository/team_repository.go:24.58,26.2 1 1
github.com/alimikegami/compnouron/internal/team/repository/team_repository.go:28.81,30.25 2 1
github.com/alimikegami/compnouron/internal/team/repository/team_repository.go:34.2,34.18 1 1
github.com/alimikegami/compnouron/internal/team/repository/team_repository.go:30.25,32.3 1 0
github.com/alimikegami/compnouron/internal/team/repository/team_repository.go:37.72,41.25 3 0
github.com/alimikegami/compnouron/internal/team/repository/team_repository.go:45.2,45.27 1 0
github.com/alimikegami/compnouron/internal/team/repository/team_repository.go:41.25,43.3 1 0
github.com/alimikegami/compnouron/internal/team/repository/team_repository.go:48.92,55.25 2 1
github.com/alimikegami/compnouron/internal/team/repository/team_repository.go:59.2,59.12 1 1
github.com/alimikegami/compnouron/internal/team/repository/team_repository.go:55.25,57.3 1 0
github.com/alimikegami/compnouron/internal/team/repository/team_repository.go:62.66,64.25 2 1
github.com/alimikegami/compnouron/internal/team/repository/team_repository.go:68.2,68.29 1 1
github.com/alimikegami/compnouron/internal/team/repository/team_repository.go:72.2,72.12 1 1
github.com/alimikegami/compnouron/internal/team/repository/team_repository.go:64.25,66.3 1 1
github.com/alimikegami/compnouron/internal/team/repository/team_repository.go:68.29,70.3 1 0
github.com/alimikegami/compnouron/internal/team/repository/team_repository.go:75.57,77.25 2 1
github.com/alimikegami/compnouron/internal/team/repository/team_repository.go:81.2,81.29 1 1
github.com/alimikegami/compnouron/internal/team/repository/team_repository.go:85.2,85.12 1 1
github.com/alimikegami/compnouron/internal/team/repository/team_repository.go:77.25,79.3 1 1
github.com/alimikegami/compnouron/internal/team/repository/team_repository.go:81.29,83.3 1 1
github.com/alimikegami/compnouron/internal/team/repository/team_repository.go:88.80,92.25 3 1
github.com/alimikegami/compnouron/internal/team/repository/team_repository.go:96.2,96.19 1 1
github.com/alimikegami/compnouron/internal/team/repository/team_repository.go:92.25,94.3 1 0
github.com/alimikegami/compnouron/internal/team/repository/team_repository.go:99.77,103.25 3 0
github.com/alimikegami/compnouron/internal/team/repository/team_repository.go:107.2,107.18 1 0
github.com/alimikegami/compnouron/internal/team/repository/team_repository.go:103.25,105.3 1 0
github.com/alimikegami/compnouron/internal/user/usecase/user_usecase.go:32.138,34.2 1 1
github.com/alimikegami/compnouron/internal/user/usecase/user_usecase.go:36.80,40.16 3 0
github.com/alimikegami/compnouron/internal/user/usecase/user_usecase.go:43.2,53.16 4 0
github.com/alimikegami/compnouron/internal/user/usecase/user_usecase.go:57.2,57.36 1 0
github.com/alimikegami/compnouron/internal/user/usecase/user_usecase.go:64.2,65.12 2 0
github.com/alimikegami/compnouron/internal/user/usecase/user_usecase.go:40.16,42.3 1 0
github.com/alimikegami/compnouron/internal/user/usecase/user_usecase.go:53.16,55.3 1 0
github.com/alimikegami/compnouron/internal/user/usecase/user_usecase.go:57.36,62.3 1 0
github.com/alimikegami/compnouron/internal/user/usecase/user_usecase.go:68.78,70.17 2 1
github.com/alimikegami/compnouron/internal/user/usecase/user_usecase.go:73.2,74.16 2 1
github.com/alimikegami/compnouron/internal/user/usecase/user_usecase.go:77.2,78.16 2 1
github.com/alimikegami/compnouron/internal/user/usecase/user_usecase.go:83.2,83.19 1 1
github.com/alimikegami/compnouron/internal/user/usecase/user_usecase.go:70.17,72.3 1 1
github.com/alimikegami/compnouron/internal/user/usecase/user_usecase.go:74.16,76.3 1 0
github.com/alimikegami/compnouron/internal/user/usecase/user_usecase.go:78.16,81.3 2 0
github.com/alimikegami/compnouron/internal/user/usecase/user_usecase.go:86.100,89.29 3 1
github.com/alimikegami/compnouron/internal/user/usecase/user_usecase.go:98.2,98.26 1 1
github.com/alimikegami/compnouron/internal/user/usecase/user_usecase.go:89.29,97.3 1 1
github.com/alimikegami/compnouron/internal/user/usecase/user_usecase.go:101.113,104.29 3 1
github.com/alimikegami/compnouron/internal/user/usecase/user_usecase.go:112.2,112.21 1 1
github.com/alimikegami/compnouron/internal/user/usecase/user_usecase.go:104.29,111.3 1 1
github.com/alimikegami/compnouron/internal/user/usecase/user_usecase.go:115.123,118.27 3 0
github.com/alimikegami/compnouron/internal/user/usecase/user_usecase.go:126.2,126.21 1 0
github.com/alimikegami/compnouron/internal/user/usecase/user_usecase.go:118.27,125.3 1 0
