mode: set
github.com/alimikegami/compnouron/internal/competition/controller/competition_controller.go:21.116,23.2 1 0
github.com/alimikegami/compnouron/internal/competition/controller/competition_controller.go:25.90,27.2 2 0
github.com/alimikegami/compnouron/internal/competition/controller/competition_controller.go:27.2,39.3 11 0
github.com/alimikegami/compnouron/internal/competition/controller/competition_controller.go:55.74,58.44 3 1
github.com/alimikegami/compnouron/internal/competition/controller/competition_controller.go:66.2,67.16 2 1
github.com/alimikegami/compnouron/internal/competition/controller/competition_controller.go:75.2,79.4 1 1
github.com/alimikegami/compnouron/internal/competition/controller/competition_controller.go:58.44,65.3 2 0
github.com/alimikegami/compnouron/internal/competition/controller/competition_controller.go:67.16,74.3 2 1
github.com/alimikegami/compnouron/internal/competition/controller/competition_controller.go:92.75,95.16 3 0
github.com/alimikegami/compnouron/internal/competition/controller/competition_controller.go:104.2,106.16 2 0
github.com/alimikegami/compnouron/internal/competition/controller/competition_controller.go:114.2,118.4 1 0
github.com/alimikegami/compnouron/internal/competition/controller/competition_controller.go:95.16,102.3 2 0
github.com/alimikegami/compnouron/internal/competition/controller/competition_controller.go:106.16,113.3 2 0
github.com/alimikegami/compnouron/internal/competition/controller/competition_controller.go:133.74,137.16 4 1
github.com/alimikegami/compnouron/internal/competition/controller/competition_controller.go:145.2,147.16 2 1
github.com/alimikegami/compnouron/internal/competition/controller/competition_controller.go:163.2,167.4 1 1
github.com/alimikegami/compnouron/internal/competition/controller/competition_controller.go:137.16,144.3 2 0
github.com/alimikegami/compnouron/internal/competition/controller/competition_controller.go:147.16,148.43 1 1
github.com/alimikegami/compnouron/internal/competition/controller/competition_controller.go:155.3,160.5 2 1
github.com/alimikegami/compnouron/internal/competition/controller/competition_controller.go:148.43,154.4 1 0
github.com/alimikegami/compnouron/internal/competition/controller/competition_controller.go:184.74,188.44 4 1
github.com/alimikegami/compnouron/internal/competition/controller/competition_controller.go:196.2,197.16 2 1
github.com/alimikegami/compnouron/internal/competition/controller/competition_controller.go:205.2,206.16 2 1
github.com/alimikegami/compnouron/internal/competition/controller/competition_controller.go:221.2,225.4 1 1
github.com/alimikegami/compnouron/internal/competition/controller/competition_controller.go:188.44,195.3 2 0
github.com/alimikegami/compnouron/internal/competition/controller/competition_controller.go:197.16,204.3 2 0
github.com/alimikegami/compnouron/internal/competition/controller/competition_controller.go:206.16,208.43 2 1
github.com/alimikegami/compnouron/internal/competition/controller/competition_controller.go:215.3,219.5 1 1
github.com/alimikegami/compnouron/internal/competition/controller/competition_controller.go:208.43,214.4 1 0
github.com/alimikegami/compnouron/internal/competition/controller/competition_controller.go:242.72,247.16 5 0
github.com/alimikegami/compnouron/internal/competition/controller/competition_controller.go:256.2,257.16 2 0
github.com/alimikegami/compnouron/internal/competition/controller/competition_controller.go:265.2,266.19 2 0
github.com/alimikegami/compnouron/internal/competition/controller/competition_controller.go:273.2,273.16 1 0
github.com/alimikegami/compnouron/internal/competition/controller/competition_controller.go:281.2,285.4 1 0
github.com/alimikegami/compnouron/internal/competition/controller/competition_controller.go:247.16,254.3 2 0
github.com/alimikegami/compnouron/internal/competition/controller/competition_controller.go:257.16,264.3 2 0
github.com/alimikegami/compnouron/internal/competition/controller/competition_controller.go:266.19,269.3 1 0
github.com/alimikegami/compnouron/internal/competition/controller/competition_controller.go:269.8,272.3 1 0
github.com/alimikegami/compnouron/internal/competition/controller/competition_controller.go:273.16,280.3 2 0
github.com/alimikegami/compnouron/internal/competition/controller/competition_controller.go:301.65,304.56 3 1
github.com/alimikegami/compnouron/internal/competition/controller/competition_controller.go:312.2,314.16 2 1
github.com/alimikegami/compnouron/internal/competition/controller/competition_controller.go:323.2,327.4 1 1
github.com/alimikegami/compnouron/internal/competition/controller/competition_controller.go:304.56,311.3 2 0
github.com/alimikegami/compnouron/internal/competition/controller/competition_controller.go:314.16,321.3 2 1
github.com/alimikegami/compnouron/internal/competition/controller/competition_controller.go:342.86,346.16 4 1
github.com/alimikegami/compnouron/internal/competition/controller/competition_controller.go:354.2,355.16 2 1
github.com/alimikegami/compnouron/internal/competition/controller/competition_controller.go:370.2,374.4 1 1
github.com/alimikegami/compnouron/internal/competition/controller/competition_controller.go:346.16,352.3 1 0
github.com/alimikegami/compnouron/internal/competition/controller/competition_controller.go:355.16,356.43 1 1
github.com/alimikegami/compnouron/internal/competition/controller/competition_controller.go:363.3,367.5 1 1
github.com/alimikegami/compnouron/internal/competition/controller/competition_controller.go:356.43,362.4 1 0
github.com/alimikegami/compnouron/internal/competition/controller/competition_controller.go:389.86,393.16 4 1
github.com/alimikegami/compnouron/internal/competition/controller/competition_controller.go:401.2,402.16 2 1
github.com/alimikegami/compnouron/internal/competition/controller/competition_controller.go:417.2,421.4 1 1
github.com/alimikegami/compnouron/internal/competition/controller/competition_controller.go:393.16,399.3 1 0
github.com/alimikegami/compnouron/internal/competition/controller/competition_controller.go:402.16,403.43 1 1
github.com/alimikegami/compnouron/internal/competition/controller/competition_controller.go:410.3,414.5 1 1
github.com/alimikegami/compnouron/internal/competition/controller/competition_controller.go:403.43,409.4 1 0
github.com/alimikegami/compnouron/internal/competition/controller/competition_controller.go:436.91,440.16 4 0
github.com/alimikegami/compnouron/internal/competition/controller/competition_controller.go:448.2,449.16 2 0
github.com/alimikegami/compnouron/internal/competition/controller/competition_controller.go:464.2,468.4 1 0
github.com/alimikegami/compnouron/internal/competition/controller/competition_controller.go:440.16,446.3 1 0
github.com/alimikegami/compnouron/internal/competition/controller/competition_controller.go:449.16,450.43 1 0
github.com/alimikegami/compnouron/internal/competition/controller/competition_controller.go:457.3,461.5 1 0
github.com/alimikegami/compnouron/internal/competition/controller/competition_controller.go:450.43,456.4 1 0
github.com/alimikegami/compnouron/internal/competition/controller/competition_controller.go:483.90,487.16 4 0
github.com/alimikegami/compnouron/internal/competition/controller/competition_controller.go:495.2,496.16 2 0
github.com/alimikegami/compnouron/internal/competition/controller/competition_controller.go:511.2,515.4 1 0
github.com/alimikegami/compnouron/internal/competition/controller/competition_controller.go:487.16,493.3 1 0
github.com/alimikegami/compnouron/internal/competition/controller/competition_controller.go:496.16,497.43 1 0
github.com/alimikegami/compnouron/internal/competition/controller/competition_controller.go:504.3,508.5 1 0
github.com/alimikegami/compnouron/internal/competition/controller/competition_controller.go:497.43,503.4 1 0
github.com/alimikegami/compnouron/internal/competition/controller/competition_controller.go:531.83,537.16 5 0
github.com/alimikegami/compnouron/internal/competition/controller/competition_controller.go:544.2,545.26 2 0
github.com/alimikegami/compnouron/internal/competition/controller/competition_controller.go:550.2,550.16 1 0
github.com/alimikegami/compnouron/internal/competition/controller/competition_controller.go:566.2,570.4 1 0
github.com/alimikegami/compnouron/internal/competition/controller/competition_controller.go:537.16,543.3 1 0
github.com/alimikegami/compnouron/internal/competition/controller/competition_controller.go:545.26,547.3 1 0
github.com/alimikegami/compnouron/internal/competition/controller/competition_controller.go:547.8,549.3 1 0
github.com/alimikegami/compnouron/internal/competition/controller/competition_controller.go:550.16,551.43 1 0
github.com/alimikegami/compnouron/internal/competition/controller/competition_controller.go:559.3,563.5 1 0
github.com/alimikegami/compnouron/internal/competition/controller/competition_controller.go:551.43,557.4 1 0
github.com/alimikegami/compnouron/internal/competition/repository/competition_repository.go:33.72,35.2 1 1
github.com/alimikegami/compnouron/internal/competition/repository/competition_repository.go:37.95,39.25 2 1
github.com/alimikegami/compnouron/internal/competition/repository/competition_repository.go:43.2,43.12 1 1
github.com/alimikegami/compnouron/internal/competition/repository/competition_repository.go:39.25,41.3 1 1
github.com/alimikegami/compnouron/internal/competition/repository/competition_repository.go:46.128,49.25 3 0
github.com/alimikegami/compnouron/internal/competition/repository/competition_repository.go:52.2,52.30 1 0
github.com/alimikegami/compnouron/internal/competition/repository/competition_repository.go:49.25,51.3 1 0
github.com/alimikegami/compnouron/internal/competition/repository/competition_repository.go:55.71,57.25 2 1
github.com/alimikegami/compnouron/internal/competition/repository/competition_repository.go:60.2,60.12 1 1
github.com/alimikegami/compnouron/internal/competition/repository/competition_repository.go:57.25,59.3 1 0
github.com/alimikegami/compnouron/internal/competition/repository/competition_repository.go:63.94,67.25 3 1
github.com/alimikegami/compnouron/internal/competition/repository/competition_repository.go:71.2,71.25 1 1
github.com/alimikegami/compnouron/internal/competition/repository/competition_repository.go:67.25,69.3 1 1
github.com/alimikegami/compnouron/internal/competition/repository/competition_repository.go:74.94,77.25 2 1
github.com/alimikegami/compnouron/internal/competition/repository/competition_repository.go:81.2,81.12 1 1
github.com/alimikegami/compnouron/internal/competition/repository/competition_repository.go:77.25,79.3 1 1
github.com/alimikegami/compnouron/internal/competition/repository/competition_repository.go:84.107,88.25 3 0
github.com/alimikegami/compnouron/internal/competition/repository/competition_repository.go:92.2,92.26 1 0
github.com/alimikegami/compnouron/internal/competition/repository/competition_repository.go:88.25,90.3 1 0
github.com/alimikegami/compnouron/internal/competition/repository/competition_repository.go:95.109,97.25 2 0
github.com/alimikegami/compnouron/internal/competition/repository/competition_repository.go:100.2,100.12 1 0
github.com/alimikegami/compnouron/internal/competition/repository/competition_repository.go:97.25,99.3 1 0
github.com/alimikegami/compnouron/internal/competition/repository/competition_repository.go:103.113,107.25 3 0
github.com/alimikegami/compnouron/internal/competition/repository/competition_repository.go:111.2,111.37 1 0
github.com/alimikegami/compnouron/internal/competition/repository/competition_repository.go:107.25,109.3 1 0
github.com/alimikegami/compnouron/internal/competition/repository/competition_repository.go:114.121,119.25 3 0
github.com/alimikegami/compnouron/internal/competition/repository/competition_repository.go:123.2,123.25 1 0
github.com/alimikegami/compnouron/internal/competition/repository/competition_repository.go:119.25,121.3 1 0
github.com/alimikegami/compnouron/internal/competition/repository/competition_repository.go:126.83,128.25 2 0
github.com/alimikegami/compnouron/internal/competition/repository/competition_repository.go:132.2,132.30 1 0
github.com/alimikegami/compnouron/internal/competition/repository/competition_repository.go:136.2,136.12 1 0
github.com/alimikegami/compnouron/internal/competition/repository/competition_repository.go:128.25,130.3 1 0
github.com/alimikegami/compnouron/internal/competition/repository/competition_repository.go:132.30,134.3 1 0
github.com/alimikegami/compnouron/internal/competition/repository/competition_repository.go:139.83,141.25 2 0
github.com/alimikegami/compnouron/internal/competition/repository/competition_repository.go:145.2,145.30 1 0
github.com/alimikegami/compnouron/internal/competition/repository/competition_repository.go:149.2,149.12 1 0
github.com/alimikegami/compnouron/internal/competition/repository/competition_repository.go:141.25,143.3 1 0
github.com/alimikegami/compnouron/internal/competition/repository/competition_repository.go:145.30,147.3 1 0
github.com/alimikegami/compnouron/internal/competition/repository/competition_repository.go:152.88,154.25 2 0
github.com/alimikegami/compnouron/internal/competition/repository/competition_repository.go:158.2,158.30 1 0
github.com/alimikegami/compnouron/internal/competition/repository/competition_repository.go:162.2,162.12 1 0
github.com/alimikegami/compnouron/internal/competition/repository/competition_repository.go:154.25,156.3 1 0
github.com/alimikegami/compnouron/internal/competition/repository/competition_repository.go:158.30,160.3 1 0
github.com/alimikegami/compnouron/internal/competition/repository/competition_repository.go:165.87,167.25 2 0
github.com/alimikegami/compnouron/internal/competition/repository/competition_repository.go:171.2,171.30 1 0
github.com/alimikegami/compnouron/internal/competition/repository/competition_repository.go:175.2,175.12 1 0
github.com/alimikegami/compnouron/internal/competition/repository/competition_repository.go:167.25,169.3 1 0
github.com/alimikegami/compnouron/internal/competition/repository/competition_repository.go:171.30,173.3 1 0
github.com/alimikegami/compnouron/internal/competition/repository/competition_repository.go:178.125,181.25 3 0
github.com/alimikegami/compnouron/internal/competition/repository/competition_repository.go:185.2,185.26 1 0
github.com/alimikegami/compnouron/internal/competition/repository/competition_repository.go:181.25,183.3 1 0
github.com/alimikegami/compnouron/internal/recruitment/controller/recruitment_controller.go:21.90,23.2 2 0
github.com/alimikegami/compnouron/internal/recruitment/controller/recruitment_controller.go:23.2,36.3 12 0
github.com/alimikegami/compnouron/internal/recruitment/controller/recruitment_controller.go:52.74,55.44 3 0
github.com/alimikegami/compnouron/internal/recruitment/controller/recruitment_controller.go:63.2,64.16 2 0
github.com/alimikegami/compnouron/internal/recruitment/controller/recruitment_controller.go:79.2,83.4 1 0
github.com/alimikegami/compnouron/internal/recruitment/controller/recruitment_controller.go:55.44,62.3 2 0
github.com/alimikegami/compnouron/internal/recruitment/controller/recruitment_controller.go:64.16,65.43 1 0
github.com/alimikegami/compnouron/internal/recruitment/controller/recruitment_controller.go:72.3,76.5 1 0
github.com/alimikegami/compnouron/internal/recruitment/controller/recruitment_controller.go:65.43,71.4 1 0
github.com/alimikegami/compnouron/internal/recruitment/controller/recruitment_controller.go:100.74,104.16 4 0
github.com/alimikegami/compnouron/internal/recruitment/controller/recruitment_controller.go:118.2,119.44 2 0
github.com/alimikegami/compnouron/internal/recruitment/controller/recruitment_controller.go:128.2,129.16 2 0
github.com/alimikegami/compnouron/internal/recruitment/controller/recruitment_controller.go:137.2,141.4 1 0
github.com/alimikegami/compnouron/internal/recruitment/controller/recruitment_controller.go:104.16,105.43 1 0
github.com/alimikegami/compnouron/internal/recruitment/controller/recruitment_controller.go:112.3,116.5 1 0
github.com/alimikegami/compnouron/internal/recruitment/controller/recruitment_controller.go:105.43,111.4 1 0
github.com/alimikegami/compnouron/internal/recruitment/controller/recruitment_controller.go:119.44,126.3 2 0
github.com/alimikegami/compnouron/internal/recruitment/controller/recruitment_controller.go:129.16,135.3 1 0
github.com/alimikegami/compnouron/internal/recruitment/controller/recruitment_controller.go:157.85,160.55 3 1
github.com/alimikegami/compnouron/internal/recruitment/controller/recruitment_controller.go:169.2,170.16 2 1
github.com/alimikegami/compnouron/internal/recruitment/controller/recruitment_controller.go:178.2,182.4 1 1
github.com/alimikegami/compnouron/internal/recruitment/controller/recruitment_controller.go:160.55,167.3 2 0
github.com/alimikegami/compnouron/internal/recruitment/controller/recruitment_controller.go:170.16,176.3 1 1
github.com/alimikegami/compnouron/internal/recruitment/controller/recruitment_controller.go:197.72,202.16 5 0
github.com/alimikegami/compnouron/internal/recruitment/controller/recruitment_controller.go:211.2,212.16 2 0
github.com/alimikegami/compnouron/internal/recruitment/controller/recruitment_controller.go:221.2,223.19 2 0
github.com/alimikegami/compnouron/internal/recruitment/controller/recruitment_controller.go:229.2,229.16 1 0
github.com/alimikegami/compnouron/internal/recruitment/controller/recruitment_controller.go:237.2,241.4 1 0
github.com/alimikegami/compnouron/internal/recruitment/controller/recruitment_controller.go:202.16,209.3 2 0
github.com/alimikegami/compnouron/internal/recruitment/controller/recruitment_controller.go:212.16,219.3 2 0
github.com/alimikegami/compnouron/internal/recruitment/controller/recruitment_controller.go:223.19,225.3 1 0
github.com/alimikegami/compnouron/internal/recruitment/controller/recruitment_controller.go:225.8,227.3 1 0
github.com/alimikegami/compnouron/internal/recruitment/controller/recruitment_controller.go:229.16,235.3 1 0
github.com/alimikegami/compnouron/internal/recruitment/controller/recruitment_controller.go:256.75,259.16 3 0
github.com/alimikegami/compnouron/internal/recruitment/controller/recruitment_controller.go:267.2,268.16 2 0
github.com/alimikegami/compnouron/internal/recruitment/controller/recruitment_controller.go:283.2,287.4 1 0
github.com/alimikegami/compnouron/internal/recruitment/controller/recruitment_controller.go:259.16,265.3 1 0
github.com/alimikegami/compnouron/internal/recruitment/controller/recruitment_controller.go:268.16,269.43 1 0
github.com/alimikegami/compnouron/internal/recruitment/controller/recruitment_controller.go:276.3,280.5 1 0
github.com/alimikegami/compnouron/internal/recruitment/controller/recruitment_controller.go:269.43,275.4 1 0
github.com/alimikegami/compnouron/internal/recruitment/controller/recruitment_controller.go:302.82,307.16 4 0
github.com/alimikegami/compnouron/internal/recruitment/controller/recruitment_controller.go:315.2,316.16 2 0
github.com/alimikegami/compnouron/internal/recruitment/controller/recruitment_controller.go:331.2,335.4 1 0
github.com/alimikegami/compnouron/internal/recruitment/controller/recruitment_controller.go:307.16,313.3 1 0
github.com/alimikegami/compnouron/internal/recruitment/controller/recruitment_controller.go:316.16,317.43 1 0
github.com/alimikegami/compnouron/internal/recruitment/controller/recruitment_controller.go:324.3,328.5 1 0
github.com/alimikegami/compnouron/internal/recruitment/controller/recruitment_controller.go:317.43,323.4 1 0
github.com/alimikegami/compnouron/internal/recruitment/controller/recruitment_controller.go:350.79,353.16 3 0
github.com/alimikegami/compnouron/internal/recruitment/controller/recruitment_controller.go:360.2,361.16 2 0
github.com/alimikegami/compnouron/internal/recruitment/controller/recruitment_controller.go:369.2,373.4 1 0
github.com/alimikegami/compnouron/internal/recruitment/controller/recruitment_controller.go:353.16,359.3 1 0
github.com/alimikegami/compnouron/internal/recruitment/controller/recruitment_controller.go:361.16,367.3 1 0
github.com/alimikegami/compnouron/internal/recruitment/controller/recruitment_controller.go:388.85,392.16 4 0
github.com/alimikegami/compnouron/internal/recruitment/controller/recruitment_controller.go:400.2,401.16 2 0
github.com/alimikegami/compnouron/internal/recruitment/controller/recruitment_controller.go:417.2,421.4 1 0
github.com/alimikegami/compnouron/internal/recruitment/controller/recruitment_controller.go:392.16,398.3 1 0
github.com/alimikegami/compnouron/internal/recruitment/controller/recruitment_controller.go:401.16,402.43 1 0
github.com/alimikegami/compnouron/internal/recruitment/controller/recruitment_controller.go:410.3,414.5 1 0
github.com/alimikegami/compnouron/internal/recruitment/controller/recruitment_controller.go:402.43,408.4 1 0
github.com/alimikegami/compnouron/internal/recruitment/controller/recruitment_controller.go:436.85,440.16 4 0
github.com/alimikegami/compnouron/internal/recruitment/controller/recruitment_controller.go:448.2,449.16 2 0
github.com/alimikegami/compnouron/internal/recruitment/controller/recruitment_controller.go:465.2,469.4 1 0
github.com/alimikegami/compnouron/internal/recruitment/controller/recruitment_controller.go:440.16,446.3 1 0
github.com/alimikegami/compnouron/internal/recruitment/controller/recruitment_controller.go:449.16,450.43 1 0
github.com/alimikegami/compnouron/internal/recruitment/controller/recruitment_controller.go:458.3,462.5 1 0
github.com/alimikegami/compnouron/internal/recruitment/controller/recruitment_controller.go:450.43,456.4 1 0
github.com/alimikegami/compnouron/internal/recruitment/controller/recruitment_controller.go:484.78,488.16 4 0
github.com/alimikegami/compnouron/internal/recruitment/controller/recruitment_controller.go:496.2,497.16 2 0
github.com/alimikegami/compnouron/internal/recruitment/controller/recruitment_controller.go:513.2,517.4 1 0
github.com/alimikegami/compnouron/internal/recruitment/controller/recruitment_controller.go:488.16,494.3 1 0
github.com/alimikegami/compnouron/internal/recruitment/controller/recruitment_controller.go:497.16,498.43 1 0
github.com/alimikegami/compnouron/internal/recruitment/controller/recruitment_controller.go:506.3,510.5 1 0
github.com/alimikegami/compnouron/internal/recruitment/controller/recruitment_controller.go:498.43,504.4 1 0
github.com/alimikegami/compnouron/internal/recruitment/controller/recruitment_controller.go:532.89,536.16 4 0
github.com/alimikegami/compnouron/internal/recruitment/controller/recruitment_controller.go:544.2,545.16 2 0
github.com/alimikegami/compnouron/internal/recruitment/controller/recruitment_controller.go:561.2,565.4 1 0
github.com/alimikegami/compnouron/internal/recruitment/controller/recruitment_controller.go:536.16,542.3 1 0
github.com/alimikegami/compnouron/internal/recruitment/controller/recruitment_controller.go:545.16,546.43 1 0
github.com/alimikegami/compnouron/internal/recruitment/controller/recruitment_controller.go:554.3,558.5 1 0
github.com/alimikegami/compnouron/internal/recruitment/controller/recruitment_controller.go:546.43,552.4 1 0
github.com/alimikegami/compnouron/internal/recruitment/controller/recruitment_controller.go:580.90,584.16 4 0
github.com/alimikegami/compnouron/internal/recruitment/controller/recruitment_controller.go:592.2,593.16 2 0
github.com/alimikegami/compnouron/internal/recruitment/controller/recruitment_controller.go:609.2,613.4 1 0
github.com/alimikegami/compnouron/internal/recruitment/controller/recruitment_controller.go:584.16,590.3 1 0
github.com/alimikegami/compnouron/internal/recruitment/controller/recruitment_controller.go:593.16,594.43 1 0
github.com/alimikegami/compnouron/internal/recruitment/controller/recruitment_controller.go:602.3,606.5 1 0
github.com/alimikegami/compnouron/internal/recruitment/controller/recruitment_controller.go:594.43,600.4 1 0
github.com/alimikegami/compnouron/internal/recruitment/controller/recruitment_controller.go:616.116,618.2 1 0
github.com/alimikegami/compnouron/internal/recruitment/usecase/recruitment_use_case.go:33.124,35.2 1 0
github.com/alimikegami/compnouron/internal/recruitment/usecase/recruitment_use_case.go:37.116,39.16 2 0
github.com/alimikegami/compnouron/internal/recruitment/usecase/recruitment_use_case.go:43.2,43.25 1 0
github.com/alimikegami/compnouron/internal/recruitment/usecase/recruitment_use_case.go:47.2,54.12 3 0
github.com/alimikegami/compnouron/internal/recruitment/usecase/recruitment_use_case.go:39.16,41.3 1 0
github.com/alimikegami/compnouron/internal/recruitment/usecase/recruitment_use_case.go:43.25,45.3 1 0
github.com/alimikegami/compnouron/internal/recruitment/usecase/recruitment_use_case.go:57.125,59.16 2 0
github.com/alimikegami/compnouron/internal/recruitment/usecase/recruitment_use_case.go:63.2,63.25 1 0
github.com/alimikegami/compnouron/internal/recruitment/usecase/recruitment_use_case.go:67.2,75.12 3 0
github.com/alimikegami/compnouron/internal/recruitment/usecase/recruitment_use_case.go:59.16,61.3 1 0
github.com/alimikegami/compnouron/internal/recruitment/usecase/recruitment_use_case.go:63.25,65.3 1 0
github.com/alimikegami/compnouron/internal/recruitment/usecase/recruitment_use_case.go:78.149,86.16 3 0
github.com/alimikegami/compnouron/internal/recruitment/usecase/recruitment_use_case.go:89.2,89.29 1 0
github.com/alimikegami/compnouron/internal/recruitment/usecase/recruitment_use_case.go:94.2,96.12 2 0
github.com/alimikegami/compnouron/internal/recruitment/usecase/recruitment_use_case.go:86.16,88.3 1 0
github.com/alimikegami/compnouron/internal/recruitment/usecase/recruitment_use_case.go:89.29,90.95 1 0
github.com/alimikegami/compnouron/internal/recruitment/usecase/recruitment_use_case.go:90.95,92.4 1 0
github.com/alimikegami/compnouron/internal/recruitment/usecase/recruitment_use_case.go:99.115,102.16 3 0
github.com/alimikegami/compnouron/internal/recruitment/usecase/recruitment_use_case.go:106.2,106.49 1 0
github.com/alimikegami/compnouron/internal/recruitment/usecase/recruitment_use_case.go:114.2,114.38 1 0
github.com/alimikegami/compnouron/internal/recruitment/usecase/recruitment_use_case.go:102.16,104.3 1 0
github.com/alimikegami/compnouron/internal/recruitment/usecase/recruitment_use_case.go:106.49,112.3 1 0
github.com/alimikegami/compnouron/internal/recruitment/usecase/recruitment_use_case.go:117.124,119.16 2 0
github.com/alimikegami/compnouron/internal/recruitment/usecase/recruitment_use_case.go:123.2,123.25 1 0
github.com/alimikegami/compnouron/internal/recruitment/usecase/recruitment_use_case.go:127.2,129.16 3 0
github.com/alimikegami/compnouron/internal/recruitment/usecase/recruitment_use_case.go:133.2,134.16 2 0
github.com/alimikegami/compnouron/internal/recruitment/usecase/recruitment_use_case.go:138.2,146.65 2 0
github.com/alimikegami/compnouron/internal/recruitment/usecase/recruitment_use_case.go:156.2,159.8 1 0
github.com/alimikegami/compnouron/internal/recruitment/usecase/recruitment_use_case.go:119.16,121.3 1 0
github.com/alimikegami/compnouron/internal/recruitment/usecase/recruitment_use_case.go:123.25,125.3 1 0
github.com/alimikegami/compnouron/internal/recruitment/usecase/recruitment_use_case.go:129.16,131.3 1 0
github.com/alimikegami/compnouron/internal/recruitment/usecase/recruitment_use_case.go:134.16,136.3 1 0
github.com/alimikegami/compnouron/internal/recruitment/usecase/recruitment_use_case.go:146.65,154.3 1 0
github.com/alimikegami/compnouron/internal/recruitment/usecase/recruitment_use_case.go:162.102,165.37 3 0
github.com/alimikegami/compnouron/internal/recruitment/usecase/recruitment_use_case.go:175.2,175.26 1 0
github.com/alimikegami/compnouron/internal/recruitment/usecase/recruitment_use_case.go:165.37,173.3 1 0
github.com/alimikegami/compnouron/internal/recruitment/usecase/recruitment_use_case.go:178.93,180.16 2 0
github.com/alimikegami/compnouron/internal/recruitment/usecase/recruitment_use_case.go:184.2,184.25 1 0
github.com/alimikegami/compnouron/internal/recruitment/usecase/recruitment_use_case.go:187.2,189.12 2 0
github.com/alimikegami/compnouron/internal/recruitment/usecase/recruitment_use_case.go:180.16,182.3 1 0
github.com/alimikegami/compnouron/internal/recruitment/usecase/recruitment_use_case.go:184.25,186.3 1 0
github.com/alimikegami/compnouron/internal/recruitment/usecase/recruitment_use_case.go:192.93,194.16 2 0
github.com/alimikegami/compnouron/internal/recruitment/usecase/recruitment_use_case.go:198.2,198.25 1 0
github.com/alimikegami/compnouron/internal/recruitment/usecase/recruitment_use_case.go:202.2,203.16 2 0
github.com/alimikegami/compnouron/internal/recruitment/usecase/recruitment_use_case.go:207.2,208.16 2 0
github.com/alimikegami/compnouron/internal/recruitment/usecase/recruitment_use_case.go:211.2,212.16 2 0
github.com/alimikegami/compnouron/internal/recruitment/usecase/recruitment_use_case.go:215.2,215.12 1 0
github.com/alimikegami/compnouron/internal/recruitment/usecase/recruitment_use_case.go:194.16,196.3 1 0
github.com/alimikegami/compnouron/internal/recruitment/usecase/recruitment_use_case.go:198.25,200.3 1 0
github.com/alimikegami/compnouron/internal/recruitment/usecase/recruitment_use_case.go:203.16,205.3 1 0
github.com/alimikegami/compnouron/internal/recruitment/usecase/recruitment_use_case.go:208.16,210.3 1 0
github.com/alimikegami/compnouron/internal/recruitment/usecase/recruitment_use_case.go:212.16,214.3 1 0
github.com/alimikegami/compnouron/internal/recruitment/usecase/recruitment_use_case.go:218.133,221.16 3 0
github.com/alimikegami/compnouron/internal/recruitment/usecase/recruitment_use_case.go:225.2,225.43 1 0
github.com/alimikegami/compnouron/internal/recruitment/usecase/recruitment_use_case.go:233.2,233.34 1 0
github.com/alimikegami/compnouron/internal/recruitment/usecase/recruitment_use_case.go:221.16,223.3 1 0
github.com/alimikegami/compnouron/internal/recruitment/usecase/recruitment_use_case.go:225.43,231.3 1 0
github.com/alimikegami/compnouron/internal/recruitment/usecase/recruitment_use_case.go:236.97,238.16 2 0
github.com/alimikegami/compnouron/internal/recruitment/usecase/recruitment_use_case.go:242.2,250.33 2 0
github.com/alimikegami/compnouron/internal/recruitment/usecase/recruitment_use_case.go:238.16,240.3 1 0
github.com/alimikegami/compnouron/internal/recruitment/usecase/recruitment_use_case.go:253.86,255.16 2 0
github.com/alimikegami/compnouron/internal/recruitment/usecase/recruitment_use_case.go:259.2,259.25 1 0
github.com/alimikegami/compnouron/internal/recruitment/usecase/recruitment_use_case.go:263.2,265.12 2 0
github.com/alimikegami/compnouron/internal/recruitment/usecase/recruitment_use_case.go:255.16,257.3 1 0
github.com/alimikegami/compnouron/internal/recruitment/usecase/recruitment_use_case.go:259.25,261.3 1 0
github.com/alimikegami/compnouron/internal/recruitment/usecase/recruitment_use_case.go:268.97,270.16 2 0
github.com/alimikegami/compnouron/internal/recruitment/usecase/recruitment_use_case.go:274.2,274.25 1 0
github.com/alimikegami/compnouron/internal/recruitment/usecase/recruitment_use_case.go:278.2,280.12 2 0
github.com/alimikegami/compnouron/internal/recruitment/usecase/recruitment_use_case.go:270.16,272.3 1 0
github.com/alimikegami/compnouron/internal/recruitment/usecase/recruitment_use_case.go:274.25,276.3 1 0
github.com/alimikegami/compnouron/internal/recruitment/usecase/recruitment_use_case.go:283.98,285.16 2 0
github.com/alimikegami/compnouron/internal/recruitment/usecase/recruitment_use_case.go:289.2,289.25 1 0
github.com/alimikegami/compnouron/internal/recruitment/usecase/recruitment_use_case.go:293.2,295.12 2 0
github.com/alimikegami/compnouron/internal/recruitment/usecase/recruitment_use_case.go:285.16,287.3 1 0
github.com/alimikegami/compnouron/internal/recruitment/usecase/recruitment_use_case.go:289.25,291.3 1 0
github.com/alimikegami/compnouron/internal/recruitment/repository/recruitment_repository.go:36.72,38.2 1 1
github.com/alimikegami/compnouron/internal/recruitment/repository/recruitment_repository.go:40.94,43.25 2 1
github.com/alimikegami/compnouron/internal/recruitment/repository/recruitment_repository.go:47.2,47.21 1 1
github.com/alimikegami/compnouron/internal/recruitment/repository/recruitment_repository.go:43.25,45.3 1 1
github.com/alimikegami/compnouron/internal/recruitment/repository/recruitment_repository.go:50.107,54.25 3 0
github.com/alimikegami/compnouron/internal/recruitment/repository/recruitment_repository.go:58.2,58.26 1 0
github.com/alimikegami/compnouron/internal/recruitment/repository/recruitment_repository.go:54.25,56.3 1 0
github.com/alimikegami/compnouron/internal/recruitment/repository/recruitment_repository.go:61.94,64.25 2 0
github.com/alimikegami/compnouron/internal/recruitment/repository/recruitment_repository.go:68.2,68.12 1 0
github.com/alimikegami/compnouron/internal/recruitment/repository/recruitment_repository.go:64.25,66.3 1 0
github.com/alimikegami/compnouron/internal/recruitment/repository/recruitment_repository.go:71.127,74.25 2 1
github.com/alimikegami/compnouron/internal/recruitment/repository/recruitment_repository.go:78.2,78.12 1 1
github.com/alimikegami/compnouron/internal/recruitment/repository/recruitment_repository.go:74.25,76.3 1 1
github.com/alimikegami/compnouron/internal/recruitment/repository/recruitment_repository.go:81.126,84.25 3 0
github.com/alimikegami/compnouron/internal/recruitment/repository/recruitment_repository.go:88.2,88.25 1 0
github.com/alimikegami/compnouron/internal/recruitment/repository/recruitment_repository.go:84.25,86.3 1 0
github.com/alimikegami/compnouron/internal/recruitment/repository/recruitment_repository.go:91.94,94.25 3 1
github.com/alimikegami/compnouron/internal/recruitment/repository/recruitment_repository.go:98.2,98.25 1 1
github.com/alimikegami/compnouron/internal/recruitment/repository/recruitment_repository.go:94.25,96.3 1 1
github.com/alimikegami/compnouron/internal/recruitment/repository/recruitment_repository.go:101.129,104.25 3 0
github.com/alimikegami/compnouron/internal/recruitment/repository/recruitment_repository.go:108.2,108.49 1 0
github.com/alimikegami/compnouron/internal/recruitment/repository/recruitment_repository.go:104.25,106.3 1 0
github.com/alimikegami/compnouron/internal/recruitment/repository/recruitment_repository.go:111.100,115.25 4 0
github.com/alimikegami/compnouron/internal/recruitment/repository/recruitment_repository.go:119.2,119.26 1 0
github.com/alimikegami/compnouron/internal/recruitment/repository/recruitment_repository.go:115.25,117.3 1 0
github.com/alimikegami/compnouron/internal/recruitment/repository/recruitment_repository.go:122.111,127.25 3 0
github.com/alimikegami/compnouron/internal/recruitment/repository/recruitment_repository.go:131.2,131.26 1 0
github.com/alimikegami/compnouron/internal/recruitment/repository/recruitment_repository.go:127.25,129.3 1 0
github.com/alimikegami/compnouron/internal/recruitment/repository/recruitment_repository.go:134.82,136.25 2 1
github.com/alimikegami/compnouron/internal/recruitment/repository/recruitment_repository.go:140.2,140.30 1 1
github.com/alimikegami/compnouron/internal/recruitment/repository/recruitment_repository.go:144.2,144.12 1 1
github.com/alimikegami/compnouron/internal/recruitment/repository/recruitment_repository.go:136.25,138.3 1 1
github.com/alimikegami/compnouron/internal/recruitment/repository/recruitment_repository.go:140.30,142.3 1 0
github.com/alimikegami/compnouron/internal/recruitment/repository/recruitment_repository.go:147.82,149.25 2 1
github.com/alimikegami/compnouron/internal/recruitment/repository/recruitment_repository.go:153.2,153.30 1 1
github.com/alimikegami/compnouron/internal/recruitment/repository/recruitment_repository.go:157.2,157.12 1 1
github.com/alimikegami/compnouron/internal/recruitment/repository/recruitment_repository.go:149.25,151.3 1 1
github.com/alimikegami/compnouron/internal/recruitment/repository/recruitment_repository.go:153.30,155.3 1 0
github.com/alimikegami/compnouron/internal/recruitment/repository/recruitment_repository.go:160.116,164.25 4 0
github.com/alimikegami/compnouron/internal/recruitment/repository/recruitment_repository.go:168.2,168.36 1 0
github.com/alimikegami/compnouron/internal/recruitment/repository/recruitment_repository.go:164.25,166.3 1 0
github.com/alimikegami/compnouron/internal/recruitment/repository/recruitment_repository.go:171.75,173.25 2 1
github.com/alimikegami/compnouron/internal/recruitment/repository/recruitment_repository.go:177.2,177.29 1 1
github.com/alimikegami/compnouron/internal/recruitment/repository/recruitment_repository.go:181.2,181.12 1 1
github.com/alimikegami/compnouron/internal/recruitment/repository/recruitment_repository.go:173.25,175.3 1 1
github.com/alimikegami/compnouron/internal/recruitment/repository/recruitment_repository.go:177.29,179.3 1 0
github.com/alimikegami/compnouron/internal/recruitment/repository/recruitment_repository.go:184.86,186.25 2 1
github.com/alimikegami/compnouron/internal/recruitment/repository/recruitment_repository.go:190.2,190.30 1 1
github.com/alimikegami/compnouron/internal/recruitment/repository/recruitment_repository.go:194.2,194.12 1 1
github.com/alimikegami/compnouron/internal/recruitment/repository/recruitment_repository.go:186.25,188.3 1 1
github.com/alimikegami/compnouron/internal/recruitment/repository/recruitment_repository.go:190.30,192.3 1 0
github.com/alimikegami/compnouron/internal/recruitment/repository/recruitment_repository.go:197.87,199.25 2 1
github.com/alimikegami/compnouron/internal/recruitment/repository/recruitment_repository.go:203.2,203.30 1 1
github.com/alimikegami/compnouron/internal/recruitment/repository/recruitment_repository.go:207.2,207.12 1 1
github.com/alimikegami/compnouron/internal/recruitment/repository/recruitment_repository.go:199.25,201.3 1 1
github.com/alimikegami/compnouron/internal/recruitment/repository/recruitment_repository.go:203.30,205.3 1 0
github.com/alimikegami/compnouron/internal/recruitment/repository/recruitment_repository.go:210.125,213.25 3 0
github.com/alimikegami/compnouron/internal/recruitment/repository/recruitment_repository.go:217.2,217.26 1 0
github.com/alimikegami/compnouron/internal/recruitment/repository/recruitment_repository.go:213.25,215.3 1 0
github.com/alimikegami/compnouron/internal/team/controller/team_controller.go:21.76,23.2 2 0
github.com/alimikegami/compnouron/internal/team/controller/team_controller.go:23.2,29.3 5 0
github.com/alimikegami/compnouron/internal/team/controller/team_controller.go:46.60,49.16 3 1
github.com/alimikegami/compnouron/internal/team/controller/team_controller.go:57.2,59.37 3 1
github.com/alimikegami/compnouron/internal/team/controller/team_controller.go:68.2,69.16 2 1
github.com/alimikegami/compnouron/internal/team/controller/team_controller.go:85.2,89.4 1 1
github.com/alimikegami/compnouron/internal/team/controller/team_controller.go:49.16,56.3 2 0
github.com/alimikegami/compnouron/internal/team/controller/team_controller.go:59.37,66.3 2 0
github.com/alimikegami/compnouron/internal/team/controller/team_controller.go:69.16,71.43 2 1
github.com/alimikegami/compnouron/internal/team/controller/team_controller.go:78.3,82.5 1 1
github.com/alimikegami/compnouron/internal/team/controller/team_controller.go:71.43,77.4 1 0
github.com/alimikegami/compnouron/internal/team/controller/team_controller.go:105.60,108.37 3 1
github.com/alimikegami/compnouron/internal/team/controller/team_controller.go:117.2,118.16 2 1
github.com/alimikegami/compnouron/internal/team/controller/team_controller.go:127.2,131.4 1 1
github.com/alimikegami/compnouron/internal/team/controller/team_controller.go:108.37,115.3 2 0
github.com/alimikegami/compnouron/internal/team/controller/team_controller.go:118.16,125.3 2 1
github.com/alimikegami/compnouron/internal/team/controller/team_controller.go:146.60,151.16 4 1
github.com/alimikegami/compnouron/internal/team/controller/team_controller.go:160.2,162.16 2 1
github.com/alimikegami/compnouron/internal/team/controller/team_controller.go:178.2,182.4 1 1
github.com/alimikegami/compnouron/internal/team/controller/team_controller.go:151.16,158.3 2 0
github.com/alimikegami/compnouron/internal/team/controller/team_controller.go:162.16,164.43 2 1
github.com/alimikegami/compnouron/internal/team/controller/team_controller.go:171.3,175.5 1 1
github.com/alimikegami/compnouron/internal/team/controller/team_controller.go:164.43,170.4 1 1
github.com/alimikegami/compnouron/internal/team/controller/team_controller.go:195.66,198.16 3 1
github.com/alimikegami/compnouron/internal/team/controller/team_controller.go:206.2,207.16 2 1
github.com/alimikegami/compnouron/internal/team/controller/team_controller.go:215.2,219.4 1 1
github.com/alimikegami/compnouron/internal/team/controller/team_controller.go:198.16,204.3 1 0
github.com/alimikegami/compnouron/internal/team/controller/team_controller.go:207.16,213.3 1 0
github.com/alimikegami/compnouron/internal/team/controller/team_controller.go:232.68,235.16 3 1
github.com/alimikegami/compnouron/internal/team/controller/team_controller.go:243.2,244.16 2 1
github.com/alimikegami/compnouron/internal/team/controller/team_controller.go:252.2,256.4 1 1
github.com/alimikegami/compnouron/internal/team/controller/team_controller.go:235.16,241.3 1 0
github.com/alimikegami/compnouron/internal/team/controller/team_controller.go:244.16,250.3 1 1
github.com/alimikegami/compnouron/internal/team/controller/team_controller.go:259.88,261.2 1 0
github.com/alimikegami/compnouron/internal/team/usecase/team_use_case.go:23.69,25.2 1 1
github.com/alimikegami/compnouron/internal/team/usecase/team_use_case.go:27.81,35.16 3 1
github.com/alimikegami/compnouron/internal/team/usecase/team_use_case.go:39.2,41.12 2 1
github.com/alimikegami/compnouron/internal/team/usecase/team_use_case.go:35.16,37.3 1 0
github.com/alimikegami/compnouron/internal/team/usecase/team_use_case.go:44.68,46.16 2 1
github.com/alimikegami/compnouron/internal/team/usecase/team_use_case.go:50.2,50.25 1 1
github.com/alimikegami/compnouron/internal/team/usecase/team_use_case.go:54.2,56.12 2 1
github.com/alimikegami/compnouron/internal/team/usecase/team_use_case.go:46.16,48.3 1 0
github.com/alimikegami/compnouron/internal/team/usecase/team_use_case.go:50.25,52.3 1 1
github.com/alimikegami/compnouron/internal/team/usecase/team_use_case.go:59.94,61.16 2 1
github.com/alimikegami/compnouron/internal/team/usecase/team_use_case.go:65.2,65.25 1 1
github.com/alimikegami/compnouron/internal/team/usecase/team_use_case.go:69.2,77.12 3 1
github.com/alimikegami/compnouron/internal/team/usecase/team_use_case.go:61.16,63.3 1 0
github.com/alimikegami/compnouron/internal/team/usecase/team_use_case.go:65.25,67.3 1 1
github.com/alimikegami/compnouron/internal/team/usecase/team_use_case.go:80.92,83.16 3 1
github.com/alimikegami/compnouron/internal/team/usecase/team_use_case.go:87.2,87.38 1 1
github.com/alimikegami/compnouron/internal/team/usecase/team_use_case.go:94.2,94.27 1 1
github.com/alimikegami/compnouron/internal/team/usecase/team_use_case.go:83.16,85.3 1 0
github.com/alimikegami/compnouron/internal/team/usecase/team_use_case.go:87.38,92.3 1 1
github.com/alimikegami/compnouron/internal/team/usecase/team_use_case.go:97.94,100.16 2 1
github.com/alimikegami/compnouron/internal/team/usecase/team_use_case.go:104.2,110.42 2 1
github.com/alimikegami/compnouron/internal/team/usecase/team_use_case.go:118.2,118.25 1 1
github.com/alimikegami/compnouron/internal/team/usecase/team_use_case.go:100.16,102.3 1 1
github.com/alimikegami/compnouron/internal/team/usecase/team_use_case.go:110.42,116.3 1 0
github.com/alimikegami/compnouron/internal/team/repository/team_repository.go:24.58,26.2 1 1
github.com/alimikegami/compnouron/internal/team/repository/team_repository.go:28.81,30.25 2 1
github.com/alimikegami/compnouron/internal/team/repository/team_repository.go:34.2,34.18 1 1
github.com/alimikegami/compnouron/internal/team/repository/team_repository.go:30.25,32.3 1 0
github.com/alimikegami/compnouron/internal/team/repository/team_repository.go:37.72,41.25 3 0
github.com/alimikegami/compnouron/internal/team/repository/team_repository.go:45.2,45.27 1 0
github.com/alimikegami/compnouron/internal/team/repository/team_repository.go:41.25,43.3 1 0
github.com/alimikegami/compnouron/internal/team/repository/team_repository.go:48.92,55.25 2 1
github.com/alimikegami/compnouron/internal/team/repository/team_repository.go:59.2,59.12 1 1
github.com/alimikegami/compnouron/internal/team/repository/team_repository.go:55.25,57.3 1 0
github.com/alimikegami/compnouron/internal/team/repository/team_repository.go:62.66,64.25 2 1
github.com/alimikegami/compnouron/internal/team/repository/team_repository.go:68.2,68.29 1 1
github.com/alimikegami/compnouron/internal/team/repository/team_repository.go:72.2,72.12 1 1
github.com/alimikegami/compnouron/internal/team/repository/team_repository.go:64.25,66.3 1 1
github.com/alimikegami/compnouron/internal/team/repository/team_repository.go:68.29,70.3 1 0
github.com/alimikegami/compnouron/internal/team/repository/team_repository.go:75.57,77.25 2 1
github.com/alimikegami/compnouron/internal/team/repository/team_repository.go:81.2,81.29 1 1
github.com/alimikegami/compnouron/internal/team/repository/team_repository.go:85.2,85.12 1 1
github.com/alimikegami/compnouron/internal/team/repository/team_repository.go:77.25,79.3 1 1
github.com/alimikegami/compnouron/internal/team/repository/team_repository.go:81.29,83.3 1 1
github.com/alimikegami/compnouron/internal/team/repository/team_repository.go:88.80,92.25 3 1
github.com/alimikegami/compnouron/internal/team/repository/team_repository.go:96.2,96.19 1 1
github.com/alimikegami/compnouron/internal/team/repository/team_repository.go:92.25,94.3 1 0
github.com/alimikegami/compnouron/internal/team/repository/team_repository.go:99.77,103.25 3 0
github.com/alimikegami/compnouron/internal/team/repository/team_repository.go:107.2,107.18 1 0
github.com/alimikegami/compnouron/internal/team/repository/team_repository.go:103.25,105.3 1 0
github.com/alimikegami/compnouron/internal/user/repository/user_repository.go:18.74,20.25 2 1
github.com/alimikegami/compnouron/internal/user/repository/user_repository.go:24.2,24.21 1 1
github.com/alimikegami/compnouron/internal/user/repository/user_repository.go:20.25,22.3 1 1
github.com/alimikegami/compnouron/internal/user/repository/user_repository.go:27.73,29.25 2 1
github.com/alimikegami/compnouron/internal/user/repository/user_repository.go:32.2,32.12 1 1
github.com/alimikegami/compnouron/internal/user/repository/user_repository.go:29.25,31.3 1 1
github.com/alimikegami/compnouron/internal/user/repository/user_repository.go:35.73,40.2 3 1
github.com/alimikegami/compnouron/internal/user/repository/user_repository.go:42.58,44.2 1 1
